Diagnose log at 2026-06-28T00:22:55Z

AppPath: C:\Program Files\Git\mingw64\bin\git-credential-manager.exe
InstallDir: C:\Program Files\Git\mingw64\bin\
Version: 2.2.1

------------
Diagnostic: Environment
Skipped: False
Success: True
Exception: None
Log:
OSType: Windows
OSVersion: 10.0 (build 26200)
Reading environment variables... OK
 Variables:
HOMEPATH=\Users\pmail
DriverData=C:\Windows\System32\Drivers\DriverData
COMPUTERNAME=DELL5300
GIT_TRACE2_PARENT_SID=050aada0-f931-41b9-9314-0ffd60eb545f
CommonProgramFiles(x86)=C:\Program Files (x86)\Common Files
OneDrive=C:\Users\pmail\OneDrive
WT_PROFILE_ID={0caa0dad-35be-5f56-a8ff-afceeeaa6101}
TMP=C:\Users\pmail\AppData\Local\Temp
HOME=C:\Users\pmail
PROCESSOR_REVISION=8e0c
PATHEXT=.COM;.EXE;.BAT;.CMD;.VBS;.VBE;.JS;.JSE;.WSF;.WSH;.MSC
GIT_EXEC_PATH=C:/Program Files/Git/mingw64/libexec/git-core
TEMP=C:\Users\pmail\AppData\Local\Temp
LOCALAPPDATA=C:\Users\pmail\AppData\Local
MSYSTEM=MINGW64
TERM=xterm-256color
GOPATH=C:\Users\pmail\go
COLORTERM=truecolor
USERDOMAIN=DELL5300
ProgramFiles(x86)=C:\Program Files (x86)
Path=C:/Program Files/Git/mingw64/libexec/git-core;C:\Program Files\Git\mingw64\bin;C:\Program Files\Git\usr\bin;C:\Users\pmail\bin;C:\Program Files\ImageMagick-7.1.2-Q16-HDRI;C:\Program Files (x86)\Common Files\Oracle\Java\javapath;C:\WINDOWS\system32;C:\WINDOWS;C:\WINDOWS\System32\Wbem;C:\WINDOWS\System32\WindowsPowerShell\v1.0\;C:\WINDOWS\System32\OpenSSH\;C:\Program Files\dotnet\;C:\Program Files\Git\cmd;C:\Program Files (x86)\Common Files\Sony Shared\FeliCaLibrary;C:\Program Files\Common Files\Sony Shared\FeliCaLibrary;c:\Users\pmail\AppData\Local\Programs\cursor\resources\app\bin;C:\Users\pmail\AppData\Local\Muse Hub\lib;C:\Program Files\Go\bin;C:\Program Files (x86)\Windows Kits\10\Windows Performance Toolkit\;C:\Users\pmail\scoop\shims;C:\Users\pmail\AppData\Local\Microsoft\WindowsApps;C:\Users\pmail\AppData\Local\Programs\Microsoft VS Code\bin;C:\Program Files (x86)\Vim\vim90;C:\Users\pmail\AppData\Local\Programs\cursor\resources\app\bin;C:\Users\pmail\AppData\Local\Programs\Zed\bin;C:\Users\pmail\youtube;C:\Users\pmail\AppData\Local\Muse Hub\lib;C:\Users\pmail\go\bin
PROCESSOR_LEVEL=6
PROCESSOR_IDENTIFIER=Intel64 Family 6 Model 142 Stepping 12, GenuineIntel
TMPDIR=C:\Users\pmail\AppData\Local\Temp
PROMPT=$P$G
PSModulePath=C:\Program Files\WindowsPowerShell\Modules;C:\WINDOWS\system32\WindowsPowerShell\v1.0\Modules
PUBLIC=C:\Users\Public
NUMBER_OF_PROCESSORS=8
CommonProgramFiles=C:\Program Files (x86)\Common Files
WT_SESSION=cdbc0ac2-b561-4585-b854-505e726d8675
WSLENV=WT_SESSION:WT_PROFILE_ID:
PLINK_PROTOCOL=ssh
ProgramData=C:\ProgramData
ProgramW6432=C:\Program Files
ProgramFiles=C:\Program Files (x86)
SystemRoot=C:\WINDOWS
SESSIONNAME=Console
LC_CTYPE=C.UTF-8
CommonProgramW6432=C:\Program Files\Common Files
ZES_ENABLE_SYSMAN=1
LOGONSERVER=\\DELL5300
USERPROFILE=C:\Users\pmail
USERDOMAIN_ROAMINGPROFILE=DELL5300
APPDATA=C:\Users\pmail\AppData\Roaming
HOMEDRIVE=C:
USERNAME=user
PROCESSOR_ARCHITEW6432=AMD64
PROCESSOR_ARCHITECTURE=x86
OS=Windows_NT
ComSpec=C:\WINDOWS\system32\cmd.exe
SystemDrive=C:
windir=C:\WINDOWS
OneDriveConsumer=C:\Users\pmail\OneDrive
ALLUSERSPROFILE=C:\ProgramData


------------
Diagnostic: File system
Skipped: False
Success: True
Exception: None
Log:
Temporary directory is 'C:\Users\pmail\AppData\Local\Temp\'...
Checking basic file I/O...
Writing to temporary file 'C:\Users\pmail\AppData\Local\Temp\cca042709d9fd6774a219428'... OK
Reading from temporary file 'C:\Users\pmail\AppData\Local\Temp\cca042709d9fd6774a219428'... OK
Deleting temporary file 'C:\Users\pmail\AppData\Local\Temp\cca042709d9fd6774a219428'... OK
Testing IFileSystem instance...
UserHomePath: C:\Users\pmail
UserDataDirectoryPath: C:\Users\pmail\.gcm
GetCurrentDirectory(): C:\Users\pmail\pj1\1

------------
Diagnostic: Networking
Skipped: False
Success: True
Exception: None
Log:
Checking networking and HTTP stack...
Creating HTTP client... OK
IsNetworkAvailable: True
Sending HEAD request to http://example.com... OK
Sending HEAD request to https://example.com... OK
Acquiring free TCP port... OK
Testing local HTTP loopback connections...
Creating new HTTP listener for http://localhost:62482/... OK
Waiting for loopback connection... OK
Writing response... OK
Waiting for response data... OK
Loopback connection data OK

------------
Diagnostic: Git
Skipped: False
Success: True
Exception: None
Log:
Getting Git version... OK
Git version is '2.41.0.windows.2'
Locating current repository... OK
Git repository at 'C:/Users/pmail/pj1/1/.git'
Listing all Git configuration... OK
Git configuration:
file:C:/Program Files/Git/etc/gitconfig	diff.astextplain.textconv=astextplain
file:C:/Program Files/Git/etc/gitconfig	filter.lfs.clean=git-lfs clean -- %f
file:C:/Program Files/Git/etc/gitconfig	filter.lfs.smudge=git-lfs smudge -- %f
file:C:/Program Files/Git/etc/gitconfig	filter.lfs.process=git-lfs filter-process
file:C:/Program Files/Git/etc/gitconfig	filter.lfs.required=true
file:C:/Program Files/Git/etc/gitconfig	http.sslbackend=openssl
file:C:/Program Files/Git/etc/gitconfig	http.sslcainfo=C:/Program Files/Git/mingw64/etc/ssl/certs/ca-bundle.crt
file:C:/Program Files/Git/etc/gitconfig	core.autocrlf=true
file:C:/Program Files/Git/etc/gitconfig	core.fscache=true
file:C:/Program Files/Git/etc/gitconfig	core.symlinks=false
file:C:/Program Files/Git/etc/gitconfig	pull.rebase=false
file:C:/Program Files/Git/etc/gitconfig	credential.helper=manager
file:C:/Program Files/Git/etc/gitconfig	credential.https://dev.azure.com.usehttppath=true
file:C:/Program Files/Git/etc/gitconfig	init.defaultbranch=master
file:C:/Users/pmail/.gitconfig	user.email=pmailwork-005@yahoo.co.jp
file:C:/Users/pmail/.gitconfig	user.name=T-GitHub-K
file:C:/Users/pmail/.gitconfig	credential.helper=
file:C:/Users/pmail/.gitconfig	credential.helper=manager
file:C:/Users/pmail/.gitconfig	credential.https://dev.azure.com.usehttppath=true
file:.git/config	core.repositoryformatversion=0
file:.git/config	core.filemode=false
file:.git/config	core.bare=false
file:.git/config	core.logallrefupdates=true
file:.git/config	core.symlinks=false
file:.git/config	core.ignorecase=true
file:.git/config	remote.origin.url=https://github.com/t-github-k/1.git
file:.git/config	remote.origin.fetch=+refs/heads/*:refs/remotes/origin/*
file:.git/config	branch.main.remote=origin
file:.git/config	branch.main.merge=refs/heads/main
file:.git/config	branch.main.vscode-merge-base=origin/main
file:.git/config	branch.main.vscode-merge-base=origin/main


------------
Diagnostic: Credential storage
Skipped: False
Success: True
Exception: None
Log:
ICredentialStore instance is of type: CredentialStore
Writing test credential... OK
Reading test credential... OK
Deleting test credential... OK

------------
Diagnostic: Microsoft authentication (AAD/MSA)
Skipped: False
Success: True
Exception: None
Log:
Broker is not enabled.
Flow type is: Auto
Gathering MSAL token cache data... OK
CacheDirectory: C:\Users\pmail\AppData\Local\.IdentityService
CacheFileName: msal.cache
CacheFilePath: C:\Users\pmail\AppData\Local\.IdentityService\msal.cache
Creating cache helper... OK
Verifying MSAL token cache persistence... OK

------------
Diagnostic: GitHub API
Skipped: False
Success: True
Exception: None
Log:
Using 'https://github.com/' as API target.
Querying '/meta' endpoint... OK

