[2026-07-07 13:08:46] バックアップ処理を開始します。制限日付: 2026-07-04
MOVE C:\DATA\日常点検_20251011_002509_00007686.pdf -> C:\BACKUP\日常点検_20251011_002509_00007686.pdf
MOVE C:\DATA\日常点検_20251011_002509_00007686_1.pdf -> C:\BACKUP\日常点検_20251011_002509_00007686_1.pdf
MOVE C:\DATA\日常点検_20251011_002509_00007686_10.pdf -> C:\BACKUP\日常点検_20251011_002509_00007686_10.pdf
MOVE C:\DATA\日常点検_20251011_002509_00007686_100.pdf -> C:\BACKUP\日常点検_20251011_002509_00007686_100.pdf
MOVE C:\DATA\日常点検_20251011_002509_00007686_101.pdf -> C:\BACKUP\日常点検_20251011_002509_00007686_101.pdf
MOVE C:\DATA\日常点検_20251011_002509_00007686_102.pdf -> C:\BACKUP\日常点検_20251011_002509_00007686_102.pdf
MOVE C:\DATA\日常点検_20251011_002509_00007686_103.pdf -> C:\BACKUP\日常点検_20251011_002509_00007686_103.pdf
MOVE C:\DATA\日常点検_20251011_002509_00007686_104.pdf -> C:\BACKUP\日常点検_20251011_002509_00007686_104.pdf
MOVE C:\DATA\日常点検_20251011_002509_00007686_105.pdf -> C:\BACKUP\日常点検_20251011_002509_00007686_105.pdf
MOVE C:\DATA\日常点検_20251011_002509_00007686_106.pdf -> C:\BACKUP\日常点検_20251011_002509_00007686_106.pdf
MOVE C:\DATA\日常点検_20251011_002509_00007686_107.pdf -> C:\BACKUP\日常点検_20251011_002509_00007686_107.pdf
MOVE C:\DATA\日常点検_20251011_002509_00007686_108.pdf -> C:\BACKUP\日常点検_20251011_002509_00007686_108.pdf
MOVE C:\DATA\日常点検_20251011_002509_00007686_109.pdf -> C:\BACKUP\日常点検_20251011_002509_00007686_109.pdf
MOVE C:\DATA\日常点検_20251011_002509_00007686_11.pdf -> C:\BACKUP\日常点検_20251011_002509_00007686_11.pdf
MOVE C:\DATA\日常点検_20251011_002509_00007686_110.pdf -> C:\BACKUP\日常点検_20251011_002509_00007686_110.pdf
MOVE C:\DATA\日常点検_20251011_002509_00007686_111.pdf -> C:\BACKUP\日常点検_20251011_002509_00007686_111.pdf
MOVE C:\DATA\日常点検_20251011_002509_00007686_112.pdf -> C:\BACKUP\日常点検_20251011_002509_00007686_112.pdf
MOVE C:\DATA\日常点検_20251011_002509_00007686_113.pdf -> C:\BACKUP\日常点検_20251011_002509_00007686_113.pdf
MOVE C:\DATA\日常点検_20251011_002509_00007686_114.pdf -> C:\BACKUP\日常点検_20251011_002509_00007686_114.pdf
MOVE C:\DATA\日常点検_20251011_002509_00007686_115.pdf -> C:\BACKUP\日常点検_20251011_002509_00007686_115.pdf
MOVE C:\DATA\日常点検_20251011_002509_00007686_116.pdf -> C:\BACKUP\日常点検_20251011_002509_00007686_116.pdf
MOVE C:\DATA\日常点検_20251011_002509_00007686_117.pdf -> C:\BACKUP\日常点検_20251011_002509_00007686_117.pdf
MOVE C:\DATA\日常点検_20251011_002509_00007686_118.pdf -> C:\BACKUP\日常点検_20251011_002509_00007686_118.pdf
MOVE C:\DATA\日常点検_20251011_002509_00007686_119.pdf -> C:\BACKUP\日常点検_20251011_002509_00007686_119.pdf
MOVE C:\DATA\日常点検_20251011_002509_00007686_12.pdf -> C:\BACKUP\日常点検_20251011_002509_00007686_12.pdf
MOVE C:\DATA\日常点検_20251011_002509_00007686_120.pdf -> C:\BACKUP\日常点検_20251011_002509_00007686_120.pdf
MOVE C:\DATA\日常点検_20251011_002509_00007686_121.pdf -> C:\BACKUP\日常点検_20251011_002509_00007686_121.pdf
MOVE C:\DATA\日常点検_20251011_002509_00007686_122.pdf -> C:\BACKUP\日常点検_20251011_002509_00007686_122.pdf
MOVE C:\DATA\日常点検_20251011_002509_00007686_123.pdf -> C:\BACKUP\日常点検_20251011_002509_00007686_123.pdf
MOVE C:\DATA\日常点検_20251011_002509_00007686_124.pdf -> C:\BACKUP\日常点検_20251011_002509_00007686_124.pdf
MOVE C:\DATA\日常点検_20251011_002509_00007686_125.pdf -> C:\BACKUP\日常点検_20251011_002509_00007686_125.pdf
MOVE C:\DATA\日常点検_20251011_002509_00007686_126.pdf -> C:\BACKUP\日常点検_20251011_002509_00007686_126.pdf
MOVE C:\DATA\日常点検_20251011_002509_00007686_127.pdf -> C:\BACKUP\日常点検_20251011_002509_00007686_127.pdf
MOVE C:\DATA\日常点検_20251011_002509_00007686_13.pdf -> C:\BACKUP\日常点検_20251011_002509_00007686_13.pdf
MOVE C:\DATA\日常点検_20251011_002509_00007686_14.pdf -> C:\BACKUP\日常点検_20251011_002509_00007686_14.pdf
MOVE C:\DATA\日常点検_20251011_002509_00007686_15.pdf -> C:\BACKUP\日常点検_20251011_002509_00007686_15.pdf
MOVE C:\DATA\日常点検_20251011_002509_00007686_16.pdf -> C:\BACKUP\日常点検_20251011_002509_00007686_16.pdf
MOVE C:\DATA\日常点検_20251011_002509_00007686_17.pdf -> C:\BACKUP\日常点検_20251011_002509_00007686_17.pdf
MOVE C:\DATA\日常点検_20251011_002509_00007686_18.pdf -> C:\BACKUP\日常点検_20251011_002509_00007686_18.pdf
MOVE C:\DATA\日常点検_20251011_002509_00007686_19.pdf -> C:\BACKUP\日常点検_20251011_002509_00007686_19.pdf
MOVE C:\DATA\日常点検_20251011_002509_00007686_2.pdf -> C:\BACKUP\日常点検_20251011_002509_00007686_2.pdf
MOVE C:\DATA\日常点検_20251011_002509_00007686_20.pdf -> C:\BACKUP\日常点検_20251011_002509_00007686_20.pdf
MOVE C:\DATA\日常点検_20251011_002509_00007686_21.pdf -> C:\BACKUP\日常点検_20251011_002509_00007686_21.pdf
MOVE C:\DATA\日常点検_20251011_002509_00007686_22.pdf -> C:\BACKUP\日常点検_20251011_002509_00007686_22.pdf
MOVE C:\DATA\日常点検_20251011_002509_00007686_23.pdf -> C:\BACKUP\日常点検_20251011_002509_00007686_23.pdf
MOVE C:\DATA\日常点検_20251011_002509_00007686_24.pdf -> C:\BACKUP\日常点検_20251011_002509_00007686_24.pdf
MOVE C:\DATA\日常点検_20251011_002509_00007686_25.pdf -> C:\BACKUP\日常点検_20251011_002509_00007686_25.pdf
MOVE C:\DATA\日常点検_20251011_002509_00007686_26.pdf -> C:\BACKUP\日常点検_20251011_002509_00007686_26.pdf
MOVE C:\DATA\日常点検_20251011_002509_00007686_27.pdf -> C:\BACKUP\日常点検_20251011_002509_00007686_27.pdf
MOVE C:\DATA\日常点検_20251011_002509_00007686_28.pdf -> C:\BACKUP\日常点検_20251011_002509_00007686_28.pdf
MOVE C:\DATA\日常点検_20251011_002509_00007686_29.pdf -> C:\BACKUP\日常点検_20251011_002509_00007686_29.pdf
MOVE C:\DATA\日常点検_20251011_002509_00007686_3.pdf -> C:\BACKUP\日常点検_20251011_002509_00007686_3.pdf
MOVE C:\DATA\日常点検_20251011_002509_00007686_30.pdf -> C:\BACKUP\日常点検_20251011_002509_00007686_30.pdf
MOVE C:\DATA\日常点検_20251011_002509_00007686_31.pdf -> C:\BACKUP\日常点検_20251011_002509_00007686_31.pdf
MOVE C:\DATA\日常点検_20251011_002509_00007686_32.pdf -> C:\BACKUP\日常点検_20251011_002509_00007686_32.pdf
MOVE C:\DATA\日常点検_20251011_002509_00007686_33.pdf -> C:\BACKUP\日常点検_20251011_002509_00007686_33.pdf
MOVE C:\DATA\日常点検_20251011_002509_00007686_34.pdf -> C:\BACKUP\日常点検_20251011_002509_00007686_34.pdf
MOVE C:\DATA\日常点検_20251011_002509_00007686_35.pdf -> C:\BACKUP\日常点検_20251011_002509_00007686_35.pdf
MOVE C:\DATA\日常点検_20251011_002509_00007686_36.pdf -> C:\BACKUP\日常点検_20251011_002509_00007686_36.pdf
MOVE C:\DATA\日常点検_20251011_002509_00007686_37.pdf -> C:\BACKUP\日常点検_20251011_002509_00007686_37.pdf
MOVE C:\DATA\日常点検_20251011_002509_00007686_38.pdf -> C:\BACKUP\日常点検_20251011_002509_00007686_38.pdf
MOVE C:\DATA\日常点検_20251011_002509_00007686_39.pdf -> C:\BACKUP\日常点検_20251011_002509_00007686_39.pdf
MOVE C:\DATA\日常点検_20251011_002509_00007686_4.pdf -> C:\BACKUP\日常点検_20251011_002509_00007686_4.pdf
MOVE C:\DATA\日常点検_20251011_002509_00007686_40.pdf -> C:\BACKUP\日常点検_20251011_002509_00007686_40.pdf
MOVE C:\DATA\日常点検_20251011_002509_00007686_41.pdf -> C:\BACKUP\日常点検_20251011_002509_00007686_41.pdf
MOVE C:\DATA\日常点検_20251011_002509_00007686_42.pdf -> C:\BACKUP\日常点検_20251011_002509_00007686_42.pdf
MOVE C:\DATA\日常点検_20251011_002509_00007686_43.pdf -> C:\BACKUP\日常点検_20251011_002509_00007686_43.pdf
MOVE C:\DATA\日常点検_20251011_002509_00007686_44.pdf -> C:\BACKUP\日常点検_20251011_002509_00007686_44.pdf
MOVE C:\DATA\日常点検_20251011_002509_00007686_45.pdf -> C:\BACKUP\日常点検_20251011_002509_00007686_45.pdf
MOVE C:\DATA\日常点検_20251011_002509_00007686_46.pdf -> C:\BACKUP\日常点検_20251011_002509_00007686_46.pdf
MOVE C:\DATA\日常点検_20251011_002509_00007686_47.pdf -> C:\BACKUP\日常点検_20251011_002509_00007686_47.pdf
MOVE C:\DATA\日常点検_20251011_002509_00007686_48.pdf -> C:\BACKUP\日常点検_20251011_002509_00007686_48.pdf
MOVE C:\DATA\日常点検_20251011_002509_00007686_49.pdf -> C:\BACKUP\日常点検_20251011_002509_00007686_49.pdf
MOVE C:\DATA\日常点検_20251011_002509_00007686_5.pdf -> C:\BACKUP\日常点検_20251011_002509_00007686_5.pdf
MOVE C:\DATA\日常点検_20251011_002509_00007686_50.pdf -> C:\BACKUP\日常点検_20251011_002509_00007686_50.pdf
MOVE C:\DATA\日常点検_20251011_002509_00007686_51.pdf -> C:\BACKUP\日常点検_20251011_002509_00007686_51.pdf
MOVE C:\DATA\日常点検_20251011_002509_00007686_52.pdf -> C:\BACKUP\日常点検_20251011_002509_00007686_52.pdf
MOVE C:\DATA\日常点検_20251011_002509_00007686_53.pdf -> C:\BACKUP\日常点検_20251011_002509_00007686_53.pdf
MOVE C:\DATA\日常点検_20251011_002509_00007686_54.pdf -> C:\BACKUP\日常点検_20251011_002509_00007686_54.pdf
MOVE C:\DATA\日常点検_20251011_002509_00007686_55.pdf -> C:\BACKUP\日常点検_20251011_002509_00007686_55.pdf
MOVE C:\DATA\日常点検_20251011_002509_00007686_56.pdf -> C:\BACKUP\日常点検_20251011_002509_00007686_56.pdf
MOVE C:\DATA\日常点検_20251011_002509_00007686_57.pdf -> C:\BACKUP\日常点検_20251011_002509_00007686_57.pdf
MOVE C:\DATA\日常点検_20251011_002509_00007686_58.pdf -> C:\BACKUP\日常点検_20251011_002509_00007686_58.pdf
MOVE C:\DATA\日常点検_20251011_002509_00007686_59.pdf -> C:\BACKUP\日常点検_20251011_002509_00007686_59.pdf
MOVE C:\DATA\日常点検_20251011_002509_00007686_6.pdf -> C:\BACKUP\日常点検_20251011_002509_00007686_6.pdf
MOVE C:\DATA\日常点検_20251011_002509_00007686_60.pdf -> C:\BACKUP\日常点検_20251011_002509_00007686_60.pdf
MOVE C:\DATA\日常点検_20251011_002509_00007686_61.pdf -> C:\BACKUP\日常点検_20251011_002509_00007686_61.pdf
MOVE C:\DATA\日常点検_20251011_002509_00007686_62.pdf -> C:\BACKUP\日常点検_20251011_002509_00007686_62.pdf
MOVE C:\DATA\日常点検_20251011_002509_00007686_63.pdf -> C:\BACKUP\日常点検_20251011_002509_00007686_63.pdf
MOVE C:\DATA\日常点検_20251011_002509_00007686_64.pdf -> C:\BACKUP\日常点検_20251011_002509_00007686_64.pdf
MOVE C:\DATA\日常点検_20251011_002509_00007686_65.pdf -> C:\BACKUP\日常点検_20251011_002509_00007686_65.pdf
MOVE C:\DATA\日常点検_20251011_002509_00007686_66.pdf -> C:\BACKUP\日常点検_20251011_002509_00007686_66.pdf
MOVE C:\DATA\日常点検_20251011_002509_00007686_67.pdf -> C:\BACKUP\日常点検_20251011_002509_00007686_67.pdf
MOVE C:\DATA\日常点検_20251011_002509_00007686_68.pdf -> C:\BACKUP\日常点検_20251011_002509_00007686_68.pdf
MOVE C:\DATA\日常点検_20251011_002509_00007686_69.pdf -> C:\BACKUP\日常点検_20251011_002509_00007686_69.pdf
MOVE C:\DATA\日常点検_20251011_002509_00007686_7.pdf -> C:\BACKUP\日常点検_20251011_002509_00007686_7.pdf
MOVE C:\DATA\日常点検_20251011_002509_00007686_70.pdf -> C:\BACKUP\日常点検_20251011_002509_00007686_70.pdf
MOVE C:\DATA\日常点検_20251011_002509_00007686_71.pdf -> C:\BACKUP\日常点検_20251011_002509_00007686_71.pdf
MOVE C:\DATA\日常点検_20251011_002509_00007686_72.pdf -> C:\BACKUP\日常点検_20251011_002509_00007686_72.pdf
MOVE C:\DATA\日常点検_20251011_002509_00007686_73.pdf -> C:\BACKUP\日常点検_20251011_002509_00007686_73.pdf
MOVE C:\DATA\日常点検_20251011_002509_00007686_74.pdf -> C:\BACKUP\日常点検_20251011_002509_00007686_74.pdf
MOVE C:\DATA\日常点検_20251011_002509_00007686_75.pdf -> C:\BACKUP\日常点検_20251011_002509_00007686_75.pdf
MOVE C:\DATA\日常点検_20251011_002509_00007686_76.pdf -> C:\BACKUP\日常点検_20251011_002509_00007686_76.pdf
MOVE C:\DATA\日常点検_20251011_002509_00007686_77.pdf -> C:\BACKUP\日常点検_20251011_002509_00007686_77.pdf
MOVE C:\DATA\日常点検_20251011_002509_00007686_78.pdf -> C:\BACKUP\日常点検_20251011_002509_00007686_78.pdf
MOVE C:\DATA\日常点検_20251011_002509_00007686_79.pdf -> C:\BACKUP\日常点検_20251011_002509_00007686_79.pdf
MOVE C:\DATA\日常点検_20251011_002509_00007686_8.pdf -> C:\BACKUP\日常点検_20251011_002509_00007686_8.pdf
MOVE C:\DATA\日常点検_20251011_002509_00007686_80.pdf -> C:\BACKUP\日常点検_20251011_002509_00007686_80.pdf
MOVE C:\DATA\日常点検_20251011_002509_00007686_81.pdf -> C:\BACKUP\日常点検_20251011_002509_00007686_81.pdf
MOVE C:\DATA\日常点検_20251011_002509_00007686_82.pdf -> C:\BACKUP\日常点検_20251011_002509_00007686_82.pdf
MOVE C:\DATA\日常点検_20251011_002509_00007686_83.pdf -> C:\BACKUP\日常点検_20251011_002509_00007686_83.pdf
MOVE C:\DATA\日常点検_20251011_002509_00007686_84.pdf -> C:\BACKUP\日常点検_20251011_002509_00007686_84.pdf
MOVE C:\DATA\日常点検_20251011_002509_00007686_85.pdf -> C:\BACKUP\日常点検_20251011_002509_00007686_85.pdf
MOVE C:\DATA\日常点検_20251011_002509_00007686_86.pdf -> C:\BACKUP\日常点検_20251011_002509_00007686_86.pdf
MOVE C:\DATA\日常点検_20251011_002509_00007686_87.pdf -> C:\BACKUP\日常点検_20251011_002509_00007686_87.pdf
MOVE C:\DATA\日常点検_20251011_002509_00007686_88.pdf -> C:\BACKUP\日常点検_20251011_002509_00007686_88.pdf
MOVE C:\DATA\日常点検_20251011_002509_00007686_89.pdf -> C:\BACKUP\日常点検_20251011_002509_00007686_89.pdf
MOVE C:\DATA\日常点検_20251011_002509_00007686_9.pdf -> C:\BACKUP\日常点検_20251011_002509_00007686_9.pdf
MOVE C:\DATA\日常点検_20251011_002509_00007686_90.pdf -> C:\BACKUP\日常点検_20251011_002509_00007686_90.pdf
MOVE C:\DATA\日常点検_20251011_002509_00007686_91.pdf -> C:\BACKUP\日常点検_20251011_002509_00007686_91.pdf
MOVE C:\DATA\日常点検_20251011_002509_00007686_92.pdf -> C:\BACKUP\日常点検_20251011_002509_00007686_92.pdf
MOVE C:\DATA\日常点検_20251011_002509_00007686_93.pdf -> C:\BACKUP\日常点検_20251011_002509_00007686_93.pdf
MOVE C:\DATA\日常点検_20251011_002509_00007686_94.pdf -> C:\BACKUP\日常点検_20251011_002509_00007686_94.pdf
MOVE C:\DATA\日常点検_20251011_002509_00007686_95.pdf -> C:\BACKUP\日常点検_20251011_002509_00007686_95.pdf
MOVE C:\DATA\日常点検_20251011_002509_00007686_96.pdf -> C:\BACKUP\日常点検_20251011_002509_00007686_96.pdf
MOVE C:\DATA\日常点検_20251011_002509_00007686_97.pdf -> C:\BACKUP\日常点検_20251011_002509_00007686_97.pdf
MOVE C:\DATA\日常点検_20251011_002509_00007686_98.pdf -> C:\BACKUP\日常点検_20251011_002509_00007686_98.pdf
MOVE C:\DATA\日常点検_20251011_002509_00007686_99.pdf -> C:\BACKUP\日常点検_20251011_002509_00007686_99.pdf
[2026-07-07 13:08:46] バックアップ処理が完了しました。
[2026-07-07 13:11:51] バックアップ処理を開始します。制限日付: 2026-07-04
MOVE C:\DATA\日常点検_20251011_002509_00007686.pdf -> C:\BACKUP\日常点検_20251011_002509_00007686.pdf
MOVE C:\DATA\日常点検_20251011_002509_00007686_1.pdf -> C:\BACKUP\日常点検_20251011_002509_00007686_1.pdf
MOVE C:\DATA\日常点検_20251011_002509_00007686_10.pdf -> C:\BACKUP\日常点検_20251011_002509_00007686_10.pdf
MOVE C:\DATA\日常点検_20251011_002509_00007686_100.pdf -> C:\BACKUP\日常点検_20251011_002509_00007686_100.pdf
MOVE C:\DATA\日常点検_20251011_002509_00007686_101.pdf -> C:\BACKUP\日常点検_20251011_002509_00007686_101.pdf
MOVE C:\DATA\日常点検_20251011_002509_00007686_102.pdf -> C:\BACKUP\日常点検_20251011_002509_00007686_102.pdf
MOVE C:\DATA\日常点検_20251011_002509_00007686_103.pdf -> C:\BACKUP\日常点検_20251011_002509_00007686_103.pdf
MOVE C:\DATA\日常点検_20251011_002509_00007686_104.pdf -> C:\BACKUP\日常点検_20251011_002509_00007686_104.pdf
MOVE C:\DATA\日常点検_20251011_002509_00007686_105.pdf -> C:\BACKUP\日常点検_20251011_002509_00007686_105.pdf
MOVE C:\DATA\日常点検_20251011_002509_00007686_106.pdf -> C:\BACKUP\日常点検_20251011_002509_00007686_106.pdf
MOVE C:\DATA\日常点検_20251011_002509_00007686_107.pdf -> C:\BACKUP\日常点検_20251011_002509_00007686_107.pdf
MOVE C:\DATA\日常点検_20251011_002509_00007686_108.pdf -> C:\BACKUP\日常点検_20251011_002509_00007686_108.pdf
MOVE C:\DATA\日常点検_20251011_002509_00007686_109.pdf -> C:\BACKUP\日常点検_20251011_002509_00007686_109.pdf
MOVE C:\DATA\日常点検_20251011_002509_00007686_11.pdf -> C:\BACKUP\日常点検_20251011_002509_00007686_11.pdf
MOVE C:\DATA\日常点検_20251011_002509_00007686_110.pdf -> C:\BACKUP\日常点検_20251011_002509_00007686_110.pdf
MOVE C:\DATA\日常点検_20251011_002509_00007686_111.pdf -> C:\BACKUP\日常点検_20251011_002509_00007686_111.pdf
MOVE C:\DATA\日常点検_20251011_002509_00007686_112.pdf -> C:\BACKUP\日常点検_20251011_002509_00007686_112.pdf
MOVE C:\DATA\日常点検_20251011_002509_00007686_113.pdf -> C:\BACKUP\日常点検_20251011_002509_00007686_113.pdf
MOVE C:\DATA\日常点検_20251011_002509_00007686_114.pdf -> C:\BACKUP\日常点検_20251011_002509_00007686_114.pdf
MOVE C:\DATA\日常点検_20251011_002509_00007686_115.pdf -> C:\BACKUP\日常点検_20251011_002509_00007686_115.pdf
MOVE C:\DATA\日常点検_20251011_002509_00007686_116.pdf -> C:\BACKUP\日常点検_20251011_002509_00007686_116.pdf
MOVE C:\DATA\日常点検_20251011_002509_00007686_117.pdf -> C:\BACKUP\日常点検_20251011_002509_00007686_117.pdf
MOVE C:\DATA\日常点検_20251011_002509_00007686_118.pdf -> C:\BACKUP\日常点検_20251011_002509_00007686_118.pdf
MOVE C:\DATA\日常点検_20251011_002509_00007686_119.pdf -> C:\BACKUP\日常点検_20251011_002509_00007686_119.pdf
MOVE C:\DATA\日常点検_20251011_002509_00007686_12.pdf -> C:\BACKUP\日常点検_20251011_002509_00007686_12.pdf
MOVE C:\DATA\日常点検_20251011_002509_00007686_120.pdf -> C:\BACKUP\日常点検_20251011_002509_00007686_120.pdf
MOVE C:\DATA\日常点検_20251011_002509_00007686_121.pdf -> C:\BACKUP\日常点検_20251011_002509_00007686_121.pdf
MOVE C:\DATA\日常点検_20251011_002509_00007686_122.pdf -> C:\BACKUP\日常点検_20251011_002509_00007686_122.pdf
MOVE C:\DATA\日常点検_20251011_002509_00007686_123.pdf -> C:\BACKUP\日常点検_20251011_002509_00007686_123.pdf
MOVE C:\DATA\日常点検_20251011_002509_00007686_124.pdf -> C:\BACKUP\日常点検_20251011_002509_00007686_124.pdf
MOVE C:\DATA\日常点検_20251011_002509_00007686_125.pdf -> C:\BACKUP\日常点検_20251011_002509_00007686_125.pdf
MOVE C:\DATA\日常点検_20251011_002509_00007686_126.pdf -> C:\BACKUP\日常点検_20251011_002509_00007686_126.pdf
MOVE C:\DATA\日常点検_20251011_002509_00007686_127.pdf -> C:\BACKUP\日常点検_20251011_002509_00007686_127.pdf
MOVE C:\DATA\日常点検_20251011_002509_00007686_13.pdf -> C:\BACKUP\日常点検_20251011_002509_00007686_13.pdf
MOVE C:\DATA\日常点検_20251011_002509_00007686_14.pdf -> C:\BACKUP\日常点検_20251011_002509_00007686_14.pdf
MOVE C:\DATA\日常点検_20251011_002509_00007686_15.pdf -> C:\BACKUP\日常点検_20251011_002509_00007686_15.pdf
MOVE C:\DATA\日常点検_20251011_002509_00007686_16.pdf -> C:\BACKUP\日常点検_20251011_002509_00007686_16.pdf
MOVE C:\DATA\日常点検_20251011_002509_00007686_17.pdf -> C:\BACKUP\日常点検_20251011_002509_00007686_17.pdf
MOVE C:\DATA\日常点検_20251011_002509_00007686_18.pdf -> C:\BACKUP\日常点検_20251011_002509_00007686_18.pdf
MOVE C:\DATA\日常点検_20251011_002509_00007686_19.pdf -> C:\BACKUP\日常点検_20251011_002509_00007686_19.pdf
MOVE C:\DATA\日常点検_20251011_002509_00007686_2.pdf -> C:\BACKUP\日常点検_20251011_002509_00007686_2.pdf
MOVE C:\DATA\日常点検_20251011_002509_00007686_20.pdf -> C:\BACKUP\日常点検_20251011_002509_00007686_20.pdf
MOVE C:\DATA\日常点検_20251011_002509_00007686_21.pdf -> C:\BACKUP\日常点検_20251011_002509_00007686_21.pdf
MOVE C:\DATA\日常点検_20251011_002509_00007686_22.pdf -> C:\BACKUP\日常点検_20251011_002509_00007686_22.pdf
MOVE C:\DATA\日常点検_20251011_002509_00007686_23.pdf -> C:\BACKUP\日常点検_20251011_002509_00007686_23.pdf
MOVE C:\DATA\日常点検_20251011_002509_00007686_24.pdf -> C:\BACKUP\日常点検_20251011_002509_00007686_24.pdf
MOVE C:\DATA\日常点検_20251011_002509_00007686_25.pdf -> C:\BACKUP\日常点検_20251011_002509_00007686_25.pdf
MOVE C:\DATA\日常点検_20251011_002509_00007686_26.pdf -> C:\BACKUP\日常点検_20251011_002509_00007686_26.pdf
MOVE C:\DATA\日常点検_20251011_002509_00007686_27.pdf -> C:\BACKUP\日常点検_20251011_002509_00007686_27.pdf
MOVE C:\DATA\日常点検_20251011_002509_00007686_28.pdf -> C:\BACKUP\日常点検_20251011_002509_00007686_28.pdf
MOVE C:\DATA\日常点検_20251011_002509_00007686_29.pdf -> C:\BACKUP\日常点検_20251011_002509_00007686_29.pdf
MOVE C:\DATA\日常点検_20251011_002509_00007686_3.pdf -> C:\BACKUP\日常点検_20251011_002509_00007686_3.pdf
MOVE C:\DATA\日常点検_20251011_002509_00007686_30.pdf -> C:\BACKUP\日常点検_20251011_002509_00007686_30.pdf
MOVE C:\DATA\日常点検_20251011_002509_00007686_31.pdf -> C:\BACKUP\日常点検_20251011_002509_00007686_31.pdf
MOVE C:\DATA\日常点検_20251011_002509_00007686_32.pdf -> C:\BACKUP\日常点検_20251011_002509_00007686_32.pdf
MOVE C:\DATA\日常点検_20251011_002509_00007686_33.pdf -> C:\BACKUP\日常点検_20251011_002509_00007686_33.pdf
MOVE C:\DATA\日常点検_20251011_002509_00007686_34.pdf -> C:\BACKUP\日常点検_20251011_002509_00007686_34.pdf
MOVE C:\DATA\日常点検_20251011_002509_00007686_35.pdf -> C:\BACKUP\日常点検_20251011_002509_00007686_35.pdf
MOVE C:\DATA\日常点検_20251011_002509_00007686_36.pdf -> C:\BACKUP\日常点検_20251011_002509_00007686_36.pdf
MOVE C:\DATA\日常点検_20251011_002509_00007686_37.pdf -> C:\BACKUP\日常点検_20251011_002509_00007686_37.pdf
MOVE C:\DATA\日常点検_20251011_002509_00007686_38.pdf -> C:\BACKUP\日常点検_20251011_002509_00007686_38.pdf
MOVE C:\DATA\日常点検_20251011_002509_00007686_39.pdf -> C:\BACKUP\日常点検_20251011_002509_00007686_39.pdf
MOVE C:\DATA\日常点検_20251011_002509_00007686_4.pdf -> C:\BACKUP\日常点検_20251011_002509_00007686_4.pdf
MOVE C:\DATA\日常点検_20251011_002509_00007686_40.pdf -> C:\BACKUP\日常点検_20251011_002509_00007686_40.pdf
MOVE C:\DATA\日常点検_20251011_002509_00007686_41.pdf -> C:\BACKUP\日常点検_20251011_002509_00007686_41.pdf
MOVE C:\DATA\日常点検_20251011_002509_00007686_42.pdf -> C:\BACKUP\日常点検_20251011_002509_00007686_42.pdf
MOVE C:\DATA\日常点検_20251011_002509_00007686_43.pdf -> C:\BACKUP\日常点検_20251011_002509_00007686_43.pdf
MOVE C:\DATA\日常点検_20251011_002509_00007686_44.pdf -> C:\BACKUP\日常点検_20251011_002509_00007686_44.pdf
MOVE C:\DATA\日常点検_20251011_002509_00007686_45.pdf -> C:\BACKUP\日常点検_20251011_002509_00007686_45.pdf
MOVE C:\DATA\日常点検_20251011_002509_00007686_46.pdf -> C:\BACKUP\日常点検_20251011_002509_00007686_46.pdf
MOVE C:\DATA\日常点検_20251011_002509_00007686_47.pdf -> C:\BACKUP\日常点検_20251011_002509_00007686_47.pdf
MOVE C:\DATA\日常点検_20251011_002509_00007686_48.pdf -> C:\BACKUP\日常点検_20251011_002509_00007686_48.pdf
MOVE C:\DATA\日常点検_20251011_002509_00007686_49.pdf -> C:\BACKUP\日常点検_20251011_002509_00007686_49.pdf
MOVE C:\DATA\日常点検_20251011_002509_00007686_5.pdf -> C:\BACKUP\日常点検_20251011_002509_00007686_5.pdf
MOVE C:\DATA\日常点検_20251011_002509_00007686_50.pdf -> C:\BACKUP\日常点検_20251011_002509_00007686_50.pdf
MOVE C:\DATA\日常点検_20251011_002509_00007686_51.pdf -> C:\BACKUP\日常点検_20251011_002509_00007686_51.pdf
MOVE C:\DATA\日常点検_20251011_002509_00007686_52.pdf -> C:\BACKUP\日常点検_20251011_002509_00007686_52.pdf
MOVE C:\DATA\日常点検_20251011_002509_00007686_53.pdf -> C:\BACKUP\日常点検_20251011_002509_00007686_53.pdf
MOVE C:\DATA\日常点検_20251011_002509_00007686_54.pdf -> C:\BACKUP\日常点検_20251011_002509_00007686_54.pdf
MOVE C:\DATA\日常点検_20251011_002509_00007686_55.pdf -> C:\BACKUP\日常点検_20251011_002509_00007686_55.pdf
MOVE C:\DATA\日常点検_20251011_002509_00007686_56.pdf -> C:\BACKUP\日常点検_20251011_002509_00007686_56.pdf
MOVE C:\DATA\日常点検_20251011_002509_00007686_57.pdf -> C:\BACKUP\日常点検_20251011_002509_00007686_57.pdf
MOVE C:\DATA\日常点検_20251011_002509_00007686_58.pdf -> C:\BACKUP\日常点検_20251011_002509_00007686_58.pdf
MOVE C:\DATA\日常点検_20251011_002509_00007686_59.pdf -> C:\BACKUP\日常点検_20251011_002509_00007686_59.pdf
MOVE C:\DATA\日常点検_20251011_002509_00007686_6.pdf -> C:\BACKUP\日常点検_20251011_002509_00007686_6.pdf
MOVE C:\DATA\日常点検_20251011_002509_00007686_60.pdf -> C:\BACKUP\日常点検_20251011_002509_00007686_60.pdf
MOVE C:\DATA\日常点検_20251011_002509_00007686_61.pdf -> C:\BACKUP\日常点検_20251011_002509_00007686_61.pdf
MOVE C:\DATA\日常点検_20251011_002509_00007686_62.pdf -> C:\BACKUP\日常点検_20251011_002509_00007686_62.pdf
MOVE C:\DATA\日常点検_20251011_002509_00007686_63.pdf -> C:\BACKUP\日常点検_20251011_002509_00007686_63.pdf
MOVE C:\DATA\日常点検_20251011_002509_00007686_64.pdf -> C:\BACKUP\日常点検_20251011_002509_00007686_64.pdf
MOVE C:\DATA\日常点検_20251011_002509_00007686_65.pdf -> C:\BACKUP\日常点検_20251011_002509_00007686_65.pdf
MOVE C:\DATA\日常点検_20251011_002509_00007686_66.pdf -> C:\BACKUP\日常点検_20251011_002509_00007686_66.pdf
MOVE C:\DATA\日常点検_20251011_002509_00007686_67.pdf -> C:\BACKUP\日常点検_20251011_002509_00007686_67.pdf
MOVE C:\DATA\日常点検_20251011_002509_00007686_68.pdf -> C:\BACKUP\日常点検_20251011_002509_00007686_68.pdf
MOVE C:\DATA\日常点検_20251011_002509_00007686_69.pdf -> C:\BACKUP\日常点検_20251011_002509_00007686_69.pdf
MOVE C:\DATA\日常点検_20251011_002509_00007686_7.pdf -> C:\BACKUP\日常点検_20251011_002509_00007686_7.pdf
MOVE C:\DATA\日常点検_20251011_002509_00007686_70.pdf -> C:\BACKUP\日常点検_20251011_002509_00007686_70.pdf
MOVE C:\DATA\日常点検_20251011_002509_00007686_71.pdf -> C:\BACKUP\日常点検_20251011_002509_00007686_71.pdf
MOVE C:\DATA\日常点検_20251011_002509_00007686_72.pdf -> C:\BACKUP\日常点検_20251011_002509_00007686_72.pdf
MOVE C:\DATA\日常点検_20251011_002509_00007686_73.pdf -> C:\BACKUP\日常点検_20251011_002509_00007686_73.pdf
MOVE C:\DATA\日常点検_20251011_002509_00007686_74.pdf -> C:\BACKUP\日常点検_20251011_002509_00007686_74.pdf
MOVE C:\DATA\日常点検_20251011_002509_00007686_75.pdf -> C:\BACKUP\日常点検_20251011_002509_00007686_75.pdf
MOVE C:\DATA\日常点検_20251011_002509_00007686_76.pdf -> C:\BACKUP\日常点検_20251011_002509_00007686_76.pdf
MOVE C:\DATA\日常点検_20251011_002509_00007686_77.pdf -> C:\BACKUP\日常点検_20251011_002509_00007686_77.pdf
MOVE C:\DATA\日常点検_20251011_002509_00007686_78.pdf -> C:\BACKUP\日常点検_20251011_002509_00007686_78.pdf
MOVE C:\DATA\日常点検_20251011_002509_00007686_79.pdf -> C:\BACKUP\日常点検_20251011_002509_00007686_79.pdf
MOVE C:\DATA\日常点検_20251011_002509_00007686_8.pdf -> C:\BACKUP\日常点検_20251011_002509_00007686_8.pdf
MOVE C:\DATA\日常点検_20251011_002509_00007686_80.pdf -> C:\BACKUP\日常点検_20251011_002509_00007686_80.pdf
MOVE C:\DATA\日常点検_20251011_002509_00007686_81.pdf -> C:\BACKUP\日常点検_20251011_002509_00007686_81.pdf
MOVE C:\DATA\日常点検_20251011_002509_00007686_82.pdf -> C:\BACKUP\日常点検_20251011_002509_00007686_82.pdf
MOVE C:\DATA\日常点検_20251011_002509_00007686_83.pdf -> C:\BACKUP\日常点検_20251011_002509_00007686_83.pdf
MOVE C:\DATA\日常点検_20251011_002509_00007686_84.pdf -> C:\BACKUP\日常点検_20251011_002509_00007686_84.pdf
MOVE C:\DATA\日常点検_20251011_002509_00007686_85.pdf -> C:\BACKUP\日常点検_20251011_002509_00007686_85.pdf
MOVE C:\DATA\日常点検_20251011_002509_00007686_86.pdf -> C:\BACKUP\日常点検_20251011_002509_00007686_86.pdf
MOVE C:\DATA\日常点検_20251011_002509_00007686_87.pdf -> C:\BACKUP\日常点検_20251011_002509_00007686_87.pdf
MOVE C:\DATA\日常点検_20251011_002509_00007686_88.pdf -> C:\BACKUP\日常点検_20251011_002509_00007686_88.pdf
MOVE C:\DATA\日常点検_20251011_002509_00007686_89.pdf -> C:\BACKUP\日常点検_20251011_002509_00007686_89.pdf
MOVE C:\DATA\日常点検_20251011_002509_00007686_9.pdf -> C:\BACKUP\日常点検_20251011_002509_00007686_9.pdf
MOVE C:\DATA\日常点検_20251011_002509_00007686_90.pdf -> C:\BACKUP\日常点検_20251011_002509_00007686_90.pdf
MOVE C:\DATA\日常点検_20251011_002509_00007686_91.pdf -> C:\BACKUP\日常点検_20251011_002509_00007686_91.pdf
MOVE C:\DATA\日常点検_20251011_002509_00007686_92.pdf -> C:\BACKUP\日常点検_20251011_002509_00007686_92.pdf
MOVE C:\DATA\日常点検_20251011_002509_00007686_93.pdf -> C:\BACKUP\日常点検_20251011_002509_00007686_93.pdf
MOVE C:\DATA\日常点検_20251011_002509_00007686_94.pdf -> C:\BACKUP\日常点検_20251011_002509_00007686_94.pdf
MOVE C:\DATA\日常点検_20251011_002509_00007686_95.pdf -> C:\BACKUP\日常点検_20251011_002509_00007686_95.pdf
MOVE C:\DATA\日常点検_20251011_002509_00007686_96.pdf -> C:\BACKUP\日常点検_20251011_002509_00007686_96.pdf
MOVE C:\DATA\日常点検_20251011_002509_00007686_97.pdf -> C:\BACKUP\日常点検_20251011_002509_00007686_97.pdf
MOVE C:\DATA\日常点検_20251011_002509_00007686_98.pdf -> C:\BACKUP\日常点検_20251011_002509_00007686_98.pdf
MOVE C:\DATA\日常点検_20251011_002509_00007686_99.pdf -> C:\BACKUP\日常点検_20251011_002509_00007686_99.pdf
[2026-07-07 13:11:51] バックアップ処理が完了しました。
[2026-07-07 13:13:18] バックアップ処理を開始します。制限日付: 2026-07-04
MOVE C:\DATA\日常点検_20251011_002509_00007686.pdf -> C:\BACKUP\日常点検_20251011_002509_00007686.pdf
MOVE C:\DATA\日常点検_20251011_002509_00007686_1.pdf -> C:\BACKUP\日常点検_20251011_002509_00007686_1.pdf
MOVE C:\DATA\日常点検_20251011_002509_00007686_10.pdf -> C:\BACKUP\日常点検_20251011_002509_00007686_10.pdf
MOVE C:\DATA\日常点検_20251011_002509_00007686_100.pdf -> C:\BACKUP\日常点検_20251011_002509_00007686_100.pdf
MOVE C:\DATA\日常点検_20251011_002509_00007686_101.pdf -> C:\BACKUP\日常点検_20251011_002509_00007686_101.pdf
MOVE C:\DATA\日常点検_20251011_002509_00007686_102.pdf -> C:\BACKUP\日常点検_20251011_002509_00007686_102.pdf
MOVE C:\DATA\日常点検_20251011_002509_00007686_103.pdf -> C:\BACKUP\日常点検_20251011_002509_00007686_103.pdf
MOVE C:\DATA\日常点検_20251011_002509_00007686_104.pdf -> C:\BACKUP\日常点検_20251011_002509_00007686_104.pdf
MOVE C:\DATA\日常点検_20251011_002509_00007686_105.pdf -> C:\BACKUP\日常点検_20251011_002509_00007686_105.pdf
MOVE C:\DATA\日常点検_20251011_002509_00007686_106.pdf -> C:\BACKUP\日常点検_20251011_002509_00007686_106.pdf
MOVE C:\DATA\日常点検_20251011_002509_00007686_107.pdf -> C:\BACKUP\日常点検_20251011_002509_00007686_107.pdf
MOVE C:\DATA\日常点検_20251011_002509_00007686_108.pdf -> C:\BACKUP\日常点検_20251011_002509_00007686_108.pdf
MOVE C:\DATA\日常点検_20251011_002509_00007686_109.pdf -> C:\BACKUP\日常点検_20251011_002509_00007686_109.pdf
MOVE C:\DATA\日常点検_20251011_002509_00007686_11.pdf -> C:\BACKUP\日常点検_20251011_002509_00007686_11.pdf
MOVE C:\DATA\日常点検_20251011_002509_00007686_110.pdf -> C:\BACKUP\日常点検_20251011_002509_00007686_110.pdf
MOVE C:\DATA\日常点検_20251011_002509_00007686_111.pdf -> C:\BACKUP\日常点検_20251011_002509_00007686_111.pdf
MOVE C:\DATA\日常点検_20251011_002509_00007686_112.pdf -> C:\BACKUP\日常点検_20251011_002509_00007686_112.pdf
MOVE C:\DATA\日常点検_20251011_002509_00007686_113.pdf -> C:\BACKUP\日常点検_20251011_002509_00007686_113.pdf
MOVE C:\DATA\日常点検_20251011_002509_00007686_114.pdf -> C:\BACKUP\日常点検_20251011_002509_00007686_114.pdf
MOVE C:\DATA\日常点検_20251011_002509_00007686_115.pdf -> C:\BACKUP\日常点検_20251011_002509_00007686_115.pdf
MOVE C:\DATA\日常点検_20251011_002509_00007686_116.pdf -> C:\BACKUP\日常点検_20251011_002509_00007686_116.pdf
MOVE C:\DATA\日常点検_20251011_002509_00007686_117.pdf -> C:\BACKUP\日常点検_20251011_002509_00007686_117.pdf
MOVE C:\DATA\日常点検_20251011_002509_00007686_118.pdf -> C:\BACKUP\日常点検_20251011_002509_00007686_118.pdf
MOVE C:\DATA\日常点検_20251011_002509_00007686_119.pdf -> C:\BACKUP\日常点検_20251011_002509_00007686_119.pdf
MOVE C:\DATA\日常点検_20251011_002509_00007686_12.pdf -> C:\BACKUP\日常点検_20251011_002509_00007686_12.pdf
MOVE C:\DATA\日常点検_20251011_002509_00007686_120.pdf -> C:\BACKUP\日常点検_20251011_002509_00007686_120.pdf
MOVE C:\DATA\日常点検_20251011_002509_00007686_121.pdf -> C:\BACKUP\日常点検_20251011_002509_00007686_121.pdf
MOVE C:\DATA\日常点検_20251011_002509_00007686_122.pdf -> C:\BACKUP\日常点検_20251011_002509_00007686_122.pdf
MOVE C:\DATA\日常点検_20251011_002509_00007686_123.pdf -> C:\BACKUP\日常点検_20251011_002509_00007686_123.pdf
MOVE C:\DATA\日常点検_20251011_002509_00007686_124.pdf -> C:\BACKUP\日常点検_20251011_002509_00007686_124.pdf
MOVE C:\DATA\日常点検_20251011_002509_00007686_125.pdf -> C:\BACKUP\日常点検_20251011_002509_00007686_125.pdf
MOVE C:\DATA\日常点検_20251011_002509_00007686_126.pdf -> C:\BACKUP\日常点検_20251011_002509_00007686_126.pdf
MOVE C:\DATA\日常点検_20251011_002509_00007686_127.pdf -> C:\BACKUP\日常点検_20251011_002509_00007686_127.pdf
MOVE C:\DATA\日常点検_20251011_002509_00007686_13.pdf -> C:\BACKUP\日常点検_20251011_002509_00007686_13.pdf
MOVE C:\DATA\日常点検_20251011_002509_00007686_14.pdf -> C:\BACKUP\日常点検_20251011_002509_00007686_14.pdf
MOVE C:\DATA\日常点検_20251011_002509_00007686_15.pdf -> C:\BACKUP\日常点検_20251011_002509_00007686_15.pdf
MOVE C:\DATA\日常点検_20251011_002509_00007686_16.pdf -> C:\BACKUP\日常点検_20251011_002509_00007686_16.pdf
MOVE C:\DATA\日常点検_20251011_002509_00007686_17.pdf -> C:\BACKUP\日常点検_20251011_002509_00007686_17.pdf
MOVE C:\DATA\日常点検_20251011_002509_00007686_18.pdf -> C:\BACKUP\日常点検_20251011_002509_00007686_18.pdf
MOVE C:\DATA\日常点検_20251011_002509_00007686_19.pdf -> C:\BACKUP\日常点検_20251011_002509_00007686_19.pdf
MOVE C:\DATA\日常点検_20251011_002509_00007686_2.pdf -> C:\BACKUP\日常点検_20251011_002509_00007686_2.pdf
MOVE C:\DATA\日常点検_20251011_002509_00007686_20.pdf -> C:\BACKUP\日常点検_20251011_002509_00007686_20.pdf
MOVE C:\DATA\日常点検_20251011_002509_00007686_21.pdf -> C:\BACKUP\日常点検_20251011_002509_00007686_21.pdf
MOVE C:\DATA\日常点検_20251011_002509_00007686_22.pdf -> C:\BACKUP\日常点検_20251011_002509_00007686_22.pdf
MOVE C:\DATA\日常点検_20251011_002509_00007686_23.pdf -> C:\BACKUP\日常点検_20251011_002509_00007686_23.pdf
MOVE C:\DATA\日常点検_20251011_002509_00007686_24.pdf -> C:\BACKUP\日常点検_20251011_002509_00007686_24.pdf
MOVE C:\DATA\日常点検_20251011_002509_00007686_25.pdf -> C:\BACKUP\日常点検_20251011_002509_00007686_25.pdf
MOVE C:\DATA\日常点検_20251011_002509_00007686_26.pdf -> C:\BACKUP\日常点検_20251011_002509_00007686_26.pdf
MOVE C:\DATA\日常点検_20251011_002509_00007686_27.pdf -> C:\BACKUP\日常点検_20251011_002509_00007686_27.pdf
MOVE C:\DATA\日常点検_20251011_002509_00007686_28.pdf -> C:\BACKUP\日常点検_20251011_002509_00007686_28.pdf
MOVE C:\DATA\日常点検_20251011_002509_00007686_29.pdf -> C:\BACKUP\日常点検_20251011_002509_00007686_29.pdf
MOVE C:\DATA\日常点検_20251011_002509_00007686_3.pdf -> C:\BACKUP\日常点検_20251011_002509_00007686_3.pdf
MOVE C:\DATA\日常点検_20251011_002509_00007686_30.pdf -> C:\BACKUP\日常点検_20251011_002509_00007686_30.pdf
MOVE C:\DATA\日常点検_20251011_002509_00007686_31.pdf -> C:\BACKUP\日常点検_20251011_002509_00007686_31.pdf
MOVE C:\DATA\日常点検_20251011_002509_00007686_32.pdf -> C:\BACKUP\日常点検_20251011_002509_00007686_32.pdf
MOVE C:\DATA\日常点検_20251011_002509_00007686_33.pdf -> C:\BACKUP\日常点検_20251011_002509_00007686_33.pdf
MOVE C:\DATA\日常点検_20251011_002509_00007686_34.pdf -> C:\BACKUP\日常点検_20251011_002509_00007686_34.pdf
MOVE C:\DATA\日常点検_20251011_002509_00007686_35.pdf -> C:\BACKUP\日常点検_20251011_002509_00007686_35.pdf
MOVE C:\DATA\日常点検_20251011_002509_00007686_36.pdf -> C:\BACKUP\日常点検_20251011_002509_00007686_36.pdf
MOVE C:\DATA\日常点検_20251011_002509_00007686_37.pdf -> C:\BACKUP\日常点検_20251011_002509_00007686_37.pdf
MOVE C:\DATA\日常点検_20251011_002509_00007686_38.pdf -> C:\BACKUP\日常点検_20251011_002509_00007686_38.pdf
MOVE C:\DATA\日常点検_20251011_002509_00007686_39.pdf -> C:\BACKUP\日常点検_20251011_002509_00007686_39.pdf
MOVE C:\DATA\日常点検_20251011_002509_00007686_4.pdf -> C:\BACKUP\日常点検_20251011_002509_00007686_4.pdf
MOVE C:\DATA\日常点検_20251011_002509_00007686_40.pdf -> C:\BACKUP\日常点検_20251011_002509_00007686_40.pdf
MOVE C:\DATA\日常点検_20251011_002509_00007686_41.pdf -> C:\BACKUP\日常点検_20251011_002509_00007686_41.pdf
MOVE C:\DATA\日常点検_20251011_002509_00007686_42.pdf -> C:\BACKUP\日常点検_20251011_002509_00007686_42.pdf
MOVE C:\DATA\日常点検_20251011_002509_00007686_43.pdf -> C:\BACKUP\日常点検_20251011_002509_00007686_43.pdf
MOVE C:\DATA\日常点検_20251011_002509_00007686_44.pdf -> C:\BACKUP\日常点検_20251011_002509_00007686_44.pdf
MOVE C:\DATA\日常点検_20251011_002509_00007686_45.pdf -> C:\BACKUP\日常点検_20251011_002509_00007686_45.pdf
MOVE C:\DATA\日常点検_20251011_002509_00007686_46.pdf -> C:\BACKUP\日常点検_20251011_002509_00007686_46.pdf
MOVE C:\DATA\日常点検_20251011_002509_00007686_47.pdf -> C:\BACKUP\日常点検_20251011_002509_00007686_47.pdf
MOVE C:\DATA\日常点検_20251011_002509_00007686_48.pdf -> C:\BACKUP\日常点検_20251011_002509_00007686_48.pdf
MOVE C:\DATA\日常点検_20251011_002509_00007686_49.pdf -> C:\BACKUP\日常点検_20251011_002509_00007686_49.pdf
MOVE C:\DATA\日常点検_20251011_002509_00007686_5.pdf -> C:\BACKUP\日常点検_20251011_002509_00007686_5.pdf
MOVE C:\DATA\日常点検_20251011_002509_00007686_50.pdf -> C:\BACKUP\日常点検_20251011_002509_00007686_50.pdf
MOVE C:\DATA\日常点検_20251011_002509_00007686_51.pdf -> C:\BACKUP\日常点検_20251011_002509_00007686_51.pdf
MOVE C:\DATA\日常点検_20251011_002509_00007686_52.pdf -> C:\BACKUP\日常点検_20251011_002509_00007686_52.pdf
MOVE C:\DATA\日常点検_20251011_002509_00007686_53.pdf -> C:\BACKUP\日常点検_20251011_002509_00007686_53.pdf
MOVE C:\DATA\日常点検_20251011_002509_00007686_54.pdf -> C:\BACKUP\日常点検_20251011_002509_00007686_54.pdf
MOVE C:\DATA\日常点検_20251011_002509_00007686_55.pdf -> C:\BACKUP\日常点検_20251011_002509_00007686_55.pdf
MOVE C:\DATA\日常点検_20251011_002509_00007686_56.pdf -> C:\BACKUP\日常点検_20251011_002509_00007686_56.pdf
MOVE C:\DATA\日常点検_20251011_002509_00007686_57.pdf -> C:\BACKUP\日常点検_20251011_002509_00007686_57.pdf
MOVE C:\DATA\日常点検_20251011_002509_00007686_58.pdf -> C:\BACKUP\日常点検_20251011_002509_00007686_58.pdf
MOVE C:\DATA\日常点検_20251011_002509_00007686_59.pdf -> C:\BACKUP\日常点検_20251011_002509_00007686_59.pdf
MOVE C:\DATA\日常点検_20251011_002509_00007686_6.pdf -> C:\BACKUP\日常点検_20251011_002509_00007686_6.pdf
MOVE C:\DATA\日常点検_20251011_002509_00007686_60.pdf -> C:\BACKUP\日常点検_20251011_002509_00007686_60.pdf
MOVE C:\DATA\日常点検_20251011_002509_00007686_61.pdf -> C:\BACKUP\日常点検_20251011_002509_00007686_61.pdf
MOVE C:\DATA\日常点検_20251011_002509_00007686_62.pdf -> C:\BACKUP\日常点検_20251011_002509_00007686_62.pdf
MOVE C:\DATA\日常点検_20251011_002509_00007686_63.pdf -> C:\BACKUP\日常点検_20251011_002509_00007686_63.pdf
MOVE C:\DATA\日常点検_20251011_002509_00007686_64.pdf -> C:\BACKUP\日常点検_20251011_002509_00007686_64.pdf
MOVE C:\DATA\日常点検_20251011_002509_00007686_65.pdf -> C:\BACKUP\日常点検_20251011_002509_00007686_65.pdf
MOVE C:\DATA\日常点検_20251011_002509_00007686_66.pdf -> C:\BACKUP\日常点検_20251011_002509_00007686_66.pdf
MOVE C:\DATA\日常点検_20251011_002509_00007686_67.pdf -> C:\BACKUP\日常点検_20251011_002509_00007686_67.pdf
MOVE C:\DATA\日常点検_20251011_002509_00007686_68.pdf -> C:\BACKUP\日常点検_20251011_002509_00007686_68.pdf
MOVE C:\DATA\日常点検_20251011_002509_00007686_69.pdf -> C:\BACKUP\日常点検_20251011_002509_00007686_69.pdf
MOVE C:\DATA\日常点検_20251011_002509_00007686_7.pdf -> C:\BACKUP\日常点検_20251011_002509_00007686_7.pdf
MOVE C:\DATA\日常点検_20251011_002509_00007686_70.pdf -> C:\BACKUP\日常点検_20251011_002509_00007686_70.pdf
MOVE C:\DATA\日常点検_20251011_002509_00007686_71.pdf -> C:\BACKUP\日常点検_20251011_002509_00007686_71.pdf
MOVE C:\DATA\日常点検_20251011_002509_00007686_72.pdf -> C:\BACKUP\日常点検_20251011_002509_00007686_72.pdf
MOVE C:\DATA\日常点検_20251011_002509_00007686_73.pdf -> C:\BACKUP\日常点検_20251011_002509_00007686_73.pdf
MOVE C:\DATA\日常点検_20251011_002509_00007686_74.pdf -> C:\BACKUP\日常点検_20251011_002509_00007686_74.pdf
MOVE C:\DATA\日常点検_20251011_002509_00007686_75.pdf -> C:\BACKUP\日常点検_20251011_002509_00007686_75.pdf
MOVE C:\DATA\日常点検_20251011_002509_00007686_76.pdf -> C:\BACKUP\日常点検_20251011_002509_00007686_76.pdf
MOVE C:\DATA\日常点検_20251011_002509_00007686_77.pdf -> C:\BACKUP\日常点検_20251011_002509_00007686_77.pdf
MOVE C:\DATA\日常点検_20251011_002509_00007686_78.pdf -> C:\BACKUP\日常点検_20251011_002509_00007686_78.pdf
MOVE C:\DATA\日常点検_20251011_002509_00007686_79.pdf -> C:\BACKUP\日常点検_20251011_002509_00007686_79.pdf
MOVE C:\DATA\日常点検_20251011_002509_00007686_8.pdf -> C:\BACKUP\日常点検_20251011_002509_00007686_8.pdf
MOVE C:\DATA\日常点検_20251011_002509_00007686_80.pdf -> C:\BACKUP\日常点検_20251011_002509_00007686_80.pdf
MOVE C:\DATA\日常点検_20251011_002509_00007686_81.pdf -> C:\BACKUP\日常点検_20251011_002509_00007686_81.pdf
MOVE C:\DATA\日常点検_20251011_002509_00007686_82.pdf -> C:\BACKUP\日常点検_20251011_002509_00007686_82.pdf
MOVE C:\DATA\日常点検_20251011_002509_00007686_83.pdf -> C:\BACKUP\日常点検_20251011_002509_00007686_83.pdf
MOVE C:\DATA\日常点検_20251011_002509_00007686_84.pdf -> C:\BACKUP\日常点検_20251011_002509_00007686_84.pdf
MOVE C:\DATA\日常点検_20251011_002509_00007686_85.pdf -> C:\BACKUP\日常点検_20251011_002509_00007686_85.pdf
MOVE C:\DATA\日常点検_20251011_002509_00007686_86.pdf -> C:\BACKUP\日常点検_20251011_002509_00007686_86.pdf
MOVE C:\DATA\日常点検_20251011_002509_00007686_87.pdf -> C:\BACKUP\日常点検_20251011_002509_00007686_87.pdf
MOVE C:\DATA\日常点検_20251011_002509_00007686_88.pdf -> C:\BACKUP\日常点検_20251011_002509_00007686_88.pdf
MOVE C:\DATA\日常点検_20251011_002509_00007686_89.pdf -> C:\BACKUP\日常点検_20251011_002509_00007686_89.pdf
MOVE C:\DATA\日常点検_20251011_002509_00007686_9.pdf -> C:\BACKUP\日常点検_20251011_002509_00007686_9.pdf
MOVE C:\DATA\日常点検_20251011_002509_00007686_90.pdf -> C:\BACKUP\日常点検_20251011_002509_00007686_90.pdf
MOVE C:\DATA\日常点検_20251011_002509_00007686_91.pdf -> C:\BACKUP\日常点検_20251011_002509_00007686_91.pdf
MOVE C:\DATA\日常点検_20251011_002509_00007686_92.pdf -> C:\BACKUP\日常点検_20251011_002509_00007686_92.pdf
MOVE C:\DATA\日常点検_20251011_002509_00007686_93.pdf -> C:\BACKUP\日常点検_20251011_002509_00007686_93.pdf
MOVE C:\DATA\日常点検_20251011_002509_00007686_94.pdf -> C:\BACKUP\日常点検_20251011_002509_00007686_94.pdf
MOVE C:\DATA\日常点検_20251011_002509_00007686_95.pdf -> C:\BACKUP\日常点検_20251011_002509_00007686_95.pdf
MOVE C:\DATA\日常点検_20251011_002509_00007686_96.pdf -> C:\BACKUP\日常点検_20251011_002509_00007686_96.pdf
MOVE C:\DATA\日常点検_20251011_002509_00007686_97.pdf -> C:\BACKUP\日常点検_20251011_002509_00007686_97.pdf
MOVE C:\DATA\日常点検_20251011_002509_00007686_98.pdf -> C:\BACKUP\日常点検_20251011_002509_00007686_98.pdf
MOVE C:\DATA\日常点検_20251011_002509_00007686_99.pdf -> C:\BACKUP\日常点検_20251011_002509_00007686_99.pdf
[2026-07-07 13:13:25] バックアップ処理が完了しました。
[2026-07-07 13:16:05] バックアップ処理を開始します。制限日付: 2026-07-04
MOVE C:\DATA\1\日常点検_20251011_002509_00007686.pdf -> C:\BACKUP\1\日常点検_20251011_002509_00007686.pdf
MOVE C:\DATA\1\日常点検_20251011_002509_00007686_1.pdf -> C:\BACKUP\1\日常点検_20251011_002509_00007686_1.pdf
MOVE C:\DATA\1\日常点検_20251011_002509_00007686_10.pdf -> C:\BACKUP\1\日常点検_20251011_002509_00007686_10.pdf
MOVE C:\DATA\1\日常点検_20251011_002509_00007686_100.pdf -> C:\BACKUP\1\日常点検_20251011_002509_00007686_100.pdf
MOVE C:\DATA\1\日常点検_20251011_002509_00007686_101.pdf -> C:\BACKUP\1\日常点検_20251011_002509_00007686_101.pdf
MOVE C:\DATA\1\日常点検_20251011_002509_00007686_102.pdf -> C:\BACKUP\1\日常点検_20251011_002509_00007686_102.pdf
MOVE C:\DATA\1\日常点検_20251011_002509_00007686_103.pdf -> C:\BACKUP\1\日常点検_20251011_002509_00007686_103.pdf
MOVE C:\DATA\1\日常点検_20251011_002509_00007686_104.pdf -> C:\BACKUP\1\日常点検_20251011_002509_00007686_104.pdf
MOVE C:\DATA\1\日常点検_20251011_002509_00007686_105.pdf -> C:\BACKUP\1\日常点検_20251011_002509_00007686_105.pdf
MOVE C:\DATA\1\日常点検_20251011_002509_00007686_106.pdf -> C:\BACKUP\1\日常点検_20251011_002509_00007686_106.pdf
MOVE C:\DATA\1\日常点検_20251011_002509_00007686_107.pdf -> C:\BACKUP\1\日常点検_20251011_002509_00007686_107.pdf
MOVE C:\DATA\1\日常点検_20251011_002509_00007686_108.pdf -> C:\BACKUP\1\日常点検_20251011_002509_00007686_108.pdf
MOVE C:\DATA\1\日常点検_20251011_002509_00007686_109.pdf -> C:\BACKUP\1\日常点検_20251011_002509_00007686_109.pdf
MOVE C:\DATA\1\日常点検_20251011_002509_00007686_11.pdf -> C:\BACKUP\1\日常点検_20251011_002509_00007686_11.pdf
MOVE C:\DATA\1\日常点検_20251011_002509_00007686_110.pdf -> C:\BACKUP\1\日常点検_20251011_002509_00007686_110.pdf
MOVE C:\DATA\1\日常点検_20251011_002509_00007686_111.pdf -> C:\BACKUP\1\日常点検_20251011_002509_00007686_111.pdf
MOVE C:\DATA\1\日常点検_20251011_002509_00007686_112.pdf -> C:\BACKUP\1\日常点検_20251011_002509_00007686_112.pdf
MOVE C:\DATA\1\日常点検_20251011_002509_00007686_113.pdf -> C:\BACKUP\1\日常点検_20251011_002509_00007686_113.pdf
MOVE C:\DATA\1\日常点検_20251011_002509_00007686_114.pdf -> C:\BACKUP\1\日常点検_20251011_002509_00007686_114.pdf
MOVE C:\DATA\1\日常点検_20251011_002509_00007686_115.pdf -> C:\BACKUP\1\日常点検_20251011_002509_00007686_115.pdf
MOVE C:\DATA\1\日常点検_20251011_002509_00007686_116.pdf -> C:\BACKUP\1\日常点検_20251011_002509_00007686_116.pdf
MOVE C:\DATA\1\日常点検_20251011_002509_00007686_117.pdf -> C:\BACKUP\1\日常点検_20251011_002509_00007686_117.pdf
MOVE C:\DATA\1\日常点検_20251011_002509_00007686_118.pdf -> C:\BACKUP\1\日常点検_20251011_002509_00007686_118.pdf
MOVE C:\DATA\1\日常点検_20251011_002509_00007686_119.pdf -> C:\BACKUP\1\日常点検_20251011_002509_00007686_119.pdf
MOVE C:\DATA\1\日常点検_20251011_002509_00007686_12.pdf -> C:\BACKUP\1\日常点検_20251011_002509_00007686_12.pdf
MOVE C:\DATA\1\日常点検_20251011_002509_00007686_120.pdf -> C:\BACKUP\1\日常点検_20251011_002509_00007686_120.pdf
MOVE C:\DATA\1\日常点検_20251011_002509_00007686_121.pdf -> C:\BACKUP\1\日常点検_20251011_002509_00007686_121.pdf
MOVE C:\DATA\1\日常点検_20251011_002509_00007686_122.pdf -> C:\BACKUP\1\日常点検_20251011_002509_00007686_122.pdf
MOVE C:\DATA\1\日常点検_20251011_002509_00007686_123.pdf -> C:\BACKUP\1\日常点検_20251011_002509_00007686_123.pdf
MOVE C:\DATA\1\日常点検_20251011_002509_00007686_124.pdf -> C:\BACKUP\1\日常点検_20251011_002509_00007686_124.pdf
MOVE C:\DATA\1\日常点検_20251011_002509_00007686_125.pdf -> C:\BACKUP\1\日常点検_20251011_002509_00007686_125.pdf
MOVE C:\DATA\1\日常点検_20251011_002509_00007686_126.pdf -> C:\BACKUP\1\日常点検_20251011_002509_00007686_126.pdf
MOVE C:\DATA\1\日常点検_20251011_002509_00007686_127.pdf -> C:\BACKUP\1\日常点検_20251011_002509_00007686_127.pdf
MOVE C:\DATA\1\日常点検_20251011_002509_00007686_13.pdf -> C:\BACKUP\1\日常点検_20251011_002509_00007686_13.pdf
MOVE C:\DATA\1\日常点検_20251011_002509_00007686_14.pdf -> C:\BACKUP\1\日常点検_20251011_002509_00007686_14.pdf
MOVE C:\DATA\1\日常点検_20251011_002509_00007686_15.pdf -> C:\BACKUP\1\日常点検_20251011_002509_00007686_15.pdf
MOVE C:\DATA\1\日常点検_20251011_002509_00007686_16.pdf -> C:\BACKUP\1\日常点検_20251011_002509_00007686_16.pdf
MOVE C:\DATA\1\日常点検_20251011_002509_00007686_17.pdf -> C:\BACKUP\1\日常点検_20251011_002509_00007686_17.pdf
MOVE C:\DATA\1\日常点検_20251011_002509_00007686_18.pdf -> C:\BACKUP\1\日常点検_20251011_002509_00007686_18.pdf
MOVE C:\DATA\1\日常点検_20251011_002509_00007686_19.pdf -> C:\BACKUP\1\日常点検_20251011_002509_00007686_19.pdf
MOVE C:\DATA\1\日常点検_20251011_002509_00007686_2.pdf -> C:\BACKUP\1\日常点検_20251011_002509_00007686_2.pdf
MOVE C:\DATA\1\日常点検_20251011_002509_00007686_20.pdf -> C:\BACKUP\1\日常点検_20251011_002509_00007686_20.pdf
MOVE C:\DATA\1\日常点検_20251011_002509_00007686_21.pdf -> C:\BACKUP\1\日常点検_20251011_002509_00007686_21.pdf
MOVE C:\DATA\1\日常点検_20251011_002509_00007686_22.pdf -> C:\BACKUP\1\日常点検_20251011_002509_00007686_22.pdf
MOVE C:\DATA\1\日常点検_20251011_002509_00007686_23.pdf -> C:\BACKUP\1\日常点検_20251011_002509_00007686_23.pdf
MOVE C:\DATA\1\日常点検_20251011_002509_00007686_24.pdf -> C:\BACKUP\1\日常点検_20251011_002509_00007686_24.pdf
MOVE C:\DATA\1\日常点検_20251011_002509_00007686_25.pdf -> C:\BACKUP\1\日常点検_20251011_002509_00007686_25.pdf
MOVE C:\DATA\1\日常点検_20251011_002509_00007686_26.pdf -> C:\BACKUP\1\日常点検_20251011_002509_00007686_26.pdf
MOVE C:\DATA\1\日常点検_20251011_002509_00007686_27.pdf -> C:\BACKUP\1\日常点検_20251011_002509_00007686_27.pdf
MOVE C:\DATA\1\日常点検_20251011_002509_00007686_28.pdf -> C:\BACKUP\1\日常点検_20251011_002509_00007686_28.pdf
MOVE C:\DATA\1\日常点検_20251011_002509_00007686_29.pdf -> C:\BACKUP\1\日常点検_20251011_002509_00007686_29.pdf
MOVE C:\DATA\1\日常点検_20251011_002509_00007686_3.pdf -> C:\BACKUP\1\日常点検_20251011_002509_00007686_3.pdf
MOVE C:\DATA\1\日常点検_20251011_002509_00007686_30.pdf -> C:\BACKUP\1\日常点検_20251011_002509_00007686_30.pdf
MOVE C:\DATA\1\日常点検_20251011_002509_00007686_31.pdf -> C:\BACKUP\1\日常点検_20251011_002509_00007686_31.pdf
MOVE C:\DATA\1\日常点検_20251011_002509_00007686_32.pdf -> C:\BACKUP\1\日常点検_20251011_002509_00007686_32.pdf
MOVE C:\DATA\1\日常点検_20251011_002509_00007686_33.pdf -> C:\BACKUP\1\日常点検_20251011_002509_00007686_33.pdf
MOVE C:\DATA\1\日常点検_20251011_002509_00007686_34.pdf -> C:\BACKUP\1\日常点検_20251011_002509_00007686_34.pdf
MOVE C:\DATA\1\日常点検_20251011_002509_00007686_35.pdf -> C:\BACKUP\1\日常点検_20251011_002509_00007686_35.pdf
MOVE C:\DATA\1\日常点検_20251011_002509_00007686_36.pdf -> C:\BACKUP\1\日常点検_20251011_002509_00007686_36.pdf
MOVE C:\DATA\1\日常点検_20251011_002509_00007686_37.pdf -> C:\BACKUP\1\日常点検_20251011_002509_00007686_37.pdf
MOVE C:\DATA\1\日常点検_20251011_002509_00007686_38.pdf -> C:\BACKUP\1\日常点検_20251011_002509_00007686_38.pdf
MOVE C:\DATA\1\日常点検_20251011_002509_00007686_39.pdf -> C:\BACKUP\1\日常点検_20251011_002509_00007686_39.pdf
MOVE C:\DATA\1\日常点検_20251011_002509_00007686_4.pdf -> C:\BACKUP\1\日常点検_20251011_002509_00007686_4.pdf
MOVE C:\DATA\1\日常点検_20251011_002509_00007686_40.pdf -> C:\BACKUP\1\日常点検_20251011_002509_00007686_40.pdf
MOVE C:\DATA\1\日常点検_20251011_002509_00007686_41.pdf -> C:\BACKUP\1\日常点検_20251011_002509_00007686_41.pdf
MOVE C:\DATA\1\日常点検_20251011_002509_00007686_42.pdf -> C:\BACKUP\1\日常点検_20251011_002509_00007686_42.pdf
MOVE C:\DATA\1\日常点検_20251011_002509_00007686_43.pdf -> C:\BACKUP\1\日常点検_20251011_002509_00007686_43.pdf
MOVE C:\DATA\1\日常点検_20251011_002509_00007686_44.pdf -> C:\BACKUP\1\日常点検_20251011_002509_00007686_44.pdf
MOVE C:\DATA\1\日常点検_20251011_002509_00007686_45.pdf -> C:\BACKUP\1\日常点検_20251011_002509_00007686_45.pdf
MOVE C:\DATA\1\日常点検_20251011_002509_00007686_46.pdf -> C:\BACKUP\1\日常点検_20251011_002509_00007686_46.pdf
MOVE C:\DATA\1\日常点検_20251011_002509_00007686_47.pdf -> C:\BACKUP\1\日常点検_20251011_002509_00007686_47.pdf
MOVE C:\DATA\1\日常点検_20251011_002509_00007686_48.pdf -> C:\BACKUP\1\日常点検_20251011_002509_00007686_48.pdf
MOVE C:\DATA\1\日常点検_20251011_002509_00007686_49.pdf -> C:\BACKUP\1\日常点検_20251011_002509_00007686_49.pdf
MOVE C:\DATA\1\日常点検_20251011_002509_00007686_5.pdf -> C:\BACKUP\1\日常点検_20251011_002509_00007686_5.pdf
MOVE C:\DATA\1\日常点検_20251011_002509_00007686_50.pdf -> C:\BACKUP\1\日常点検_20251011_002509_00007686_50.pdf
MOVE C:\DATA\1\日常点検_20251011_002509_00007686_51.pdf -> C:\BACKUP\1\日常点検_20251011_002509_00007686_51.pdf
MOVE C:\DATA\1\日常点検_20251011_002509_00007686_52.pdf -> C:\BACKUP\1\日常点検_20251011_002509_00007686_52.pdf
MOVE C:\DATA\1\日常点検_20251011_002509_00007686_53.pdf -> C:\BACKUP\1\日常点検_20251011_002509_00007686_53.pdf
MOVE C:\DATA\1\日常点検_20251011_002509_00007686_54.pdf -> C:\BACKUP\1\日常点検_20251011_002509_00007686_54.pdf
MOVE C:\DATA\1\日常点検_20251011_002509_00007686_55.pdf -> C:\BACKUP\1\日常点検_20251011_002509_00007686_55.pdf
MOVE C:\DATA\1\日常点検_20251011_002509_00007686_56.pdf -> C:\BACKUP\1\日常点検_20251011_002509_00007686_56.pdf
MOVE C:\DATA\1\日常点検_20251011_002509_00007686_57.pdf -> C:\BACKUP\1\日常点検_20251011_002509_00007686_57.pdf
MOVE C:\DATA\1\日常点検_20251011_002509_00007686_58.pdf -> C:\BACKUP\1\日常点検_20251011_002509_00007686_58.pdf
MOVE C:\DATA\1\日常点検_20251011_002509_00007686_59.pdf -> C:\BACKUP\1\日常点検_20251011_002509_00007686_59.pdf
MOVE C:\DATA\1\日常点検_20251011_002509_00007686_6.pdf -> C:\BACKUP\1\日常点検_20251011_002509_00007686_6.pdf
MOVE C:\DATA\1\日常点検_20251011_002509_00007686_60.pdf -> C:\BACKUP\1\日常点検_20251011_002509_00007686_60.pdf
MOVE C:\DATA\1\日常点検_20251011_002509_00007686_61.pdf -> C:\BACKUP\1\日常点検_20251011_002509_00007686_61.pdf
MOVE C:\DATA\1\日常点検_20251011_002509_00007686_62.pdf -> C:\BACKUP\1\日常点検_20251011_002509_00007686_62.pdf
MOVE C:\DATA\1\日常点検_20251011_002509_00007686_63.pdf -> C:\BACKUP\1\日常点検_20251011_002509_00007686_63.pdf
MOVE C:\DATA\1\日常点検_20251011_002509_00007686_64.pdf -> C:\BACKUP\1\日常点検_20251011_002509_00007686_64.pdf
MOVE C:\DATA\1\日常点検_20251011_002509_00007686_65.pdf -> C:\BACKUP\1\日常点検_20251011_002509_00007686_65.pdf
MOVE C:\DATA\1\日常点検_20251011_002509_00007686_66.pdf -> C:\BACKUP\1\日常点検_20251011_002509_00007686_66.pdf
MOVE C:\DATA\1\日常点検_20251011_002509_00007686_67.pdf -> C:\BACKUP\1\日常点検_20251011_002509_00007686_67.pdf
MOVE C:\DATA\1\日常点検_20251011_002509_00007686_68.pdf -> C:\BACKUP\1\日常点検_20251011_002509_00007686_68.pdf
MOVE C:\DATA\1\日常点検_20251011_002509_00007686_69.pdf -> C:\BACKUP\1\日常点検_20251011_002509_00007686_69.pdf
MOVE C:\DATA\1\日常点検_20251011_002509_00007686_7.pdf -> C:\BACKUP\1\日常点検_20251011_002509_00007686_7.pdf
MOVE C:\DATA\1\日常点検_20251011_002509_00007686_70.pdf -> C:\BACKUP\1\日常点検_20251011_002509_00007686_70.pdf
MOVE C:\DATA\1\日常点検_20251011_002509_00007686_71.pdf -> C:\BACKUP\1\日常点検_20251011_002509_00007686_71.pdf
MOVE C:\DATA\1\日常点検_20251011_002509_00007686_72.pdf -> C:\BACKUP\1\日常点検_20251011_002509_00007686_72.pdf
MOVE C:\DATA\1\日常点検_20251011_002509_00007686_73.pdf -> C:\BACKUP\1\日常点検_20251011_002509_00007686_73.pdf
MOVE C:\DATA\1\日常点検_20251011_002509_00007686_74.pdf -> C:\BACKUP\1\日常点検_20251011_002509_00007686_74.pdf
MOVE C:\DATA\1\日常点検_20251011_002509_00007686_75.pdf -> C:\BACKUP\1\日常点検_20251011_002509_00007686_75.pdf
MOVE C:\DATA\1\日常点検_20251011_002509_00007686_76.pdf -> C:\BACKUP\1\日常点検_20251011_002509_00007686_76.pdf
MOVE C:\DATA\1\日常点検_20251011_002509_00007686_77.pdf -> C:\BACKUP\1\日常点検_20251011_002509_00007686_77.pdf
MOVE C:\DATA\1\日常点検_20251011_002509_00007686_78.pdf -> C:\BACKUP\1\日常点検_20251011_002509_00007686_78.pdf
MOVE C:\DATA\1\日常点検_20251011_002509_00007686_79.pdf -> C:\BACKUP\1\日常点検_20251011_002509_00007686_79.pdf
MOVE C:\DATA\1\日常点検_20251011_002509_00007686_8.pdf -> C:\BACKUP\1\日常点検_20251011_002509_00007686_8.pdf
MOVE C:\DATA\1\日常点検_20251011_002509_00007686_80.pdf -> C:\BACKUP\1\日常点検_20251011_002509_00007686_80.pdf
MOVE C:\DATA\1\日常点検_20251011_002509_00007686_81.pdf -> C:\BACKUP\1\日常点検_20251011_002509_00007686_81.pdf
MOVE C:\DATA\1\日常点検_20251011_002509_00007686_82.pdf -> C:\BACKUP\1\日常点検_20251011_002509_00007686_82.pdf
MOVE C:\DATA\1\日常点検_20251011_002509_00007686_83.pdf -> C:\BACKUP\1\日常点検_20251011_002509_00007686_83.pdf
MOVE C:\DATA\1\日常点検_20251011_002509_00007686_84.pdf -> C:\BACKUP\1\日常点検_20251011_002509_00007686_84.pdf
MOVE C:\DATA\1\日常点検_20251011_002509_00007686_85.pdf -> C:\BACKUP\1\日常点検_20251011_002509_00007686_85.pdf
MOVE C:\DATA\1\日常点検_20251011_002509_00007686_86.pdf -> C:\BACKUP\1\日常点検_20251011_002509_00007686_86.pdf
MOVE C:\DATA\1\日常点検_20251011_002509_00007686_87.pdf -> C:\BACKUP\1\日常点検_20251011_002509_00007686_87.pdf
MOVE C:\DATA\1\日常点検_20251011_002509_00007686_88.pdf -> C:\BACKUP\1\日常点検_20251011_002509_00007686_88.pdf
MOVE C:\DATA\1\日常点検_20251011_002509_00007686_89.pdf -> C:\BACKUP\1\日常点検_20251011_002509_00007686_89.pdf
MOVE C:\DATA\1\日常点検_20251011_002509_00007686_9.pdf -> C:\BACKUP\1\日常点検_20251011_002509_00007686_9.pdf
MOVE C:\DATA\1\日常点検_20251011_002509_00007686_90.pdf -> C:\BACKUP\1\日常点検_20251011_002509_00007686_90.pdf
MOVE C:\DATA\1\日常点検_20251011_002509_00007686_91.pdf -> C:\BACKUP\1\日常点検_20251011_002509_00007686_91.pdf
MOVE C:\DATA\1\日常点検_20251011_002509_00007686_92.pdf -> C:\BACKUP\1\日常点検_20251011_002509_00007686_92.pdf
MOVE C:\DATA\1\日常点検_20251011_002509_00007686_93.pdf -> C:\BACKUP\1\日常点検_20251011_002509_00007686_93.pdf
MOVE C:\DATA\1\日常点検_20251011_002509_00007686_94.pdf -> C:\BACKUP\1\日常点検_20251011_002509_00007686_94.pdf
MOVE C:\DATA\1\日常点検_20251011_002509_00007686_95.pdf -> C:\BACKUP\1\日常点検_20251011_002509_00007686_95.pdf
MOVE C:\DATA\1\日常点検_20251011_002509_00007686_96.pdf -> C:\BACKUP\1\日常点検_20251011_002509_00007686_96.pdf
MOVE C:\DATA\1\日常点検_20251011_002509_00007686_97.pdf -> C:\BACKUP\1\日常点検_20251011_002509_00007686_97.pdf
MOVE C:\DATA\1\日常点検_20251011_002509_00007686_98.pdf -> C:\BACKUP\1\日常点検_20251011_002509_00007686_98.pdf
MOVE C:\DATA\1\日常点検_20251011_002509_00007686_99.pdf -> C:\BACKUP\1\日常点検_20251011_002509_00007686_99.pdf
MOVE C:\DATA\日常点検_20251011_002509_00007686.pdf -> C:\BACKUP\日常点検_20251011_002509_00007686.pdf
MOVE C:\DATA\日常点検_20251011_002509_00007686_1.pdf -> C:\BACKUP\日常点検_20251011_002509_00007686_1.pdf
MOVE C:\DATA\日常点検_20251011_002509_00007686_10.pdf -> C:\BACKUP\日常点検_20251011_002509_00007686_10.pdf
MOVE C:\DATA\日常点検_20251011_002509_00007686_100.pdf -> C:\BACKUP\日常点検_20251011_002509_00007686_100.pdf
MOVE C:\DATA\日常点検_20251011_002509_00007686_101.pdf -> C:\BACKUP\日常点検_20251011_002509_00007686_101.pdf
MOVE C:\DATA\日常点検_20251011_002509_00007686_102.pdf -> C:\BACKUP\日常点検_20251011_002509_00007686_102.pdf
MOVE C:\DATA\日常点検_20251011_002509_00007686_103.pdf -> C:\BACKUP\日常点検_20251011_002509_00007686_103.pdf
MOVE C:\DATA\日常点検_20251011_002509_00007686_104.pdf -> C:\BACKUP\日常点検_20251011_002509_00007686_104.pdf
MOVE C:\DATA\日常点検_20251011_002509_00007686_105.pdf -> C:\BACKUP\日常点検_20251011_002509_00007686_105.pdf
MOVE C:\DATA\日常点検_20251011_002509_00007686_106.pdf -> C:\BACKUP\日常点検_20251011_002509_00007686_106.pdf
MOVE C:\DATA\日常点検_20251011_002509_00007686_107.pdf -> C:\BACKUP\日常点検_20251011_002509_00007686_107.pdf
MOVE C:\DATA\日常点検_20251011_002509_00007686_108.pdf -> C:\BACKUP\日常点検_20251011_002509_00007686_108.pdf
MOVE C:\DATA\日常点検_20251011_002509_00007686_109.pdf -> C:\BACKUP\日常点検_20251011_002509_00007686_109.pdf
MOVE C:\DATA\日常点検_20251011_002509_00007686_11.pdf -> C:\BACKUP\日常点検_20251011_002509_00007686_11.pdf
MOVE C:\DATA\日常点検_20251011_002509_00007686_110.pdf -> C:\BACKUP\日常点検_20251011_002509_00007686_110.pdf
MOVE C:\DATA\日常点検_20251011_002509_00007686_111.pdf -> C:\BACKUP\日常点検_20251011_002509_00007686_111.pdf
MOVE C:\DATA\日常点検_20251011_002509_00007686_112.pdf -> C:\BACKUP\日常点検_20251011_002509_00007686_112.pdf
MOVE C:\DATA\日常点検_20251011_002509_00007686_113.pdf -> C:\BACKUP\日常点検_20251011_002509_00007686_113.pdf
MOVE C:\DATA\日常点検_20251011_002509_00007686_114.pdf -> C:\BACKUP\日常点検_20251011_002509_00007686_114.pdf
MOVE C:\DATA\日常点検_20251011_002509_00007686_115.pdf -> C:\BACKUP\日常点検_20251011_002509_00007686_115.pdf
MOVE C:\DATA\日常点検_20251011_002509_00007686_116.pdf -> C:\BACKUP\日常点検_20251011_002509_00007686_116.pdf
MOVE C:\DATA\日常点検_20251011_002509_00007686_117.pdf -> C:\BACKUP\日常点検_20251011_002509_00007686_117.pdf
MOVE C:\DATA\日常点検_20251011_002509_00007686_118.pdf -> C:\BACKUP\日常点検_20251011_002509_00007686_118.pdf
MOVE C:\DATA\日常点検_20251011_002509_00007686_119.pdf -> C:\BACKUP\日常点検_20251011_002509_00007686_119.pdf
MOVE C:\DATA\日常点検_20251011_002509_00007686_12.pdf -> C:\BACKUP\日常点検_20251011_002509_00007686_12.pdf
MOVE C:\DATA\日常点検_20251011_002509_00007686_120.pdf -> C:\BACKUP\日常点検_20251011_002509_00007686_120.pdf
MOVE C:\DATA\日常点検_20251011_002509_00007686_121.pdf -> C:\BACKUP\日常点検_20251011_002509_00007686_121.pdf
MOVE C:\DATA\日常点検_20251011_002509_00007686_122.pdf -> C:\BACKUP\日常点検_20251011_002509_00007686_122.pdf
MOVE C:\DATA\日常点検_20251011_002509_00007686_123.pdf -> C:\BACKUP\日常点検_20251011_002509_00007686_123.pdf
MOVE C:\DATA\日常点検_20251011_002509_00007686_124.pdf -> C:\BACKUP\日常点検_20251011_002509_00007686_124.pdf
MOVE C:\DATA\日常点検_20251011_002509_00007686_125.pdf -> C:\BACKUP\日常点検_20251011_002509_00007686_125.pdf
MOVE C:\DATA\日常点検_20251011_002509_00007686_126.pdf -> C:\BACKUP\日常点検_20251011_002509_00007686_126.pdf
MOVE C:\DATA\日常点検_20251011_002509_00007686_127.pdf -> C:\BACKUP\日常点検_20251011_002509_00007686_127.pdf
MOVE C:\DATA\日常点検_20251011_002509_00007686_13.pdf -> C:\BACKUP\日常点検_20251011_002509_00007686_13.pdf
MOVE C:\DATA\日常点検_20251011_002509_00007686_14.pdf -> C:\BACKUP\日常点検_20251011_002509_00007686_14.pdf
MOVE C:\DATA\日常点検_20251011_002509_00007686_15.pdf -> C:\BACKUP\日常点検_20251011_002509_00007686_15.pdf
MOVE C:\DATA\日常点検_20251011_002509_00007686_16.pdf -> C:\BACKUP\日常点検_20251011_002509_00007686_16.pdf
MOVE C:\DATA\日常点検_20251011_002509_00007686_17.pdf -> C:\BACKUP\日常点検_20251011_002509_00007686_17.pdf
MOVE C:\DATA\日常点検_20251011_002509_00007686_18.pdf -> C:\BACKUP\日常点検_20251011_002509_00007686_18.pdf
MOVE C:\DATA\日常点検_20251011_002509_00007686_19.pdf -> C:\BACKUP\日常点検_20251011_002509_00007686_19.pdf
MOVE C:\DATA\日常点検_20251011_002509_00007686_2.pdf -> C:\BACKUP\日常点検_20251011_002509_00007686_2.pdf
MOVE C:\DATA\日常点検_20251011_002509_00007686_20.pdf -> C:\BACKUP\日常点検_20251011_002509_00007686_20.pdf
MOVE C:\DATA\日常点検_20251011_002509_00007686_21.pdf -> C:\BACKUP\日常点検_20251011_002509_00007686_21.pdf
MOVE C:\DATA\日常点検_20251011_002509_00007686_22.pdf -> C:\BACKUP\日常点検_20251011_002509_00007686_22.pdf
MOVE C:\DATA\日常点検_20251011_002509_00007686_23.pdf -> C:\BACKUP\日常点検_20251011_002509_00007686_23.pdf
MOVE C:\DATA\日常点検_20251011_002509_00007686_24.pdf -> C:\BACKUP\日常点検_20251011_002509_00007686_24.pdf
MOVE C:\DATA\日常点検_20251011_002509_00007686_25.pdf -> C:\BACKUP\日常点検_20251011_002509_00007686_25.pdf
MOVE C:\DATA\日常点検_20251011_002509_00007686_26.pdf -> C:\BACKUP\日常点検_20251011_002509_00007686_26.pdf
MOVE C:\DATA\日常点検_20251011_002509_00007686_27.pdf -> C:\BACKUP\日常点検_20251011_002509_00007686_27.pdf
MOVE C:\DATA\日常点検_20251011_002509_00007686_28.pdf -> C:\BACKUP\日常点検_20251011_002509_00007686_28.pdf
MOVE C:\DATA\日常点検_20251011_002509_00007686_29.pdf -> C:\BACKUP\日常点検_20251011_002509_00007686_29.pdf
MOVE C:\DATA\日常点検_20251011_002509_00007686_3.pdf -> C:\BACKUP\日常点検_20251011_002509_00007686_3.pdf
MOVE C:\DATA\日常点検_20251011_002509_00007686_30.pdf -> C:\BACKUP\日常点検_20251011_002509_00007686_30.pdf
MOVE C:\DATA\日常点検_20251011_002509_00007686_31.pdf -> C:\BACKUP\日常点検_20251011_002509_00007686_31.pdf
MOVE C:\DATA\日常点検_20251011_002509_00007686_32.pdf -> C:\BACKUP\日常点検_20251011_002509_00007686_32.pdf
MOVE C:\DATA\日常点検_20251011_002509_00007686_33.pdf -> C:\BACKUP\日常点検_20251011_002509_00007686_33.pdf
MOVE C:\DATA\日常点検_20251011_002509_00007686_34.pdf -> C:\BACKUP\日常点検_20251011_002509_00007686_34.pdf
MOVE C:\DATA\日常点検_20251011_002509_00007686_35.pdf -> C:\BACKUP\日常点検_20251011_002509_00007686_35.pdf
MOVE C:\DATA\日常点検_20251011_002509_00007686_36.pdf -> C:\BACKUP\日常点検_20251011_002509_00007686_36.pdf
MOVE C:\DATA\日常点検_20251011_002509_00007686_37.pdf -> C:\BACKUP\日常点検_20251011_002509_00007686_37.pdf
MOVE C:\DATA\日常点検_20251011_002509_00007686_38.pdf -> C:\BACKUP\日常点検_20251011_002509_00007686_38.pdf
MOVE C:\DATA\日常点検_20251011_002509_00007686_39.pdf -> C:\BACKUP\日常点検_20251011_002509_00007686_39.pdf
MOVE C:\DATA\日常点検_20251011_002509_00007686_4.pdf -> C:\BACKUP\日常点検_20251011_002509_00007686_4.pdf
MOVE C:\DATA\日常点検_20251011_002509_00007686_40.pdf -> C:\BACKUP\日常点検_20251011_002509_00007686_40.pdf
MOVE C:\DATA\日常点検_20251011_002509_00007686_41.pdf -> C:\BACKUP\日常点検_20251011_002509_00007686_41.pdf
MOVE C:\DATA\日常点検_20251011_002509_00007686_42.pdf -> C:\BACKUP\日常点検_20251011_002509_00007686_42.pdf
MOVE C:\DATA\日常点検_20251011_002509_00007686_43.pdf -> C:\BACKUP\日常点検_20251011_002509_00007686_43.pdf
MOVE C:\DATA\日常点検_20251011_002509_00007686_44.pdf -> C:\BACKUP\日常点検_20251011_002509_00007686_44.pdf
MOVE C:\DATA\日常点検_20251011_002509_00007686_45.pdf -> C:\BACKUP\日常点検_20251011_002509_00007686_45.pdf
MOVE C:\DATA\日常点検_20251011_002509_00007686_46.pdf -> C:\BACKUP\日常点検_20251011_002509_00007686_46.pdf
MOVE C:\DATA\日常点検_20251011_002509_00007686_47.pdf -> C:\BACKUP\日常点検_20251011_002509_00007686_47.pdf
MOVE C:\DATA\日常点検_20251011_002509_00007686_48.pdf -> C:\BACKUP\日常点検_20251011_002509_00007686_48.pdf
MOVE C:\DATA\日常点検_20251011_002509_00007686_49.pdf -> C:\BACKUP\日常点検_20251011_002509_00007686_49.pdf
MOVE C:\DATA\日常点検_20251011_002509_00007686_5.pdf -> C:\BACKUP\日常点検_20251011_002509_00007686_5.pdf
MOVE C:\DATA\日常点検_20251011_002509_00007686_50.pdf -> C:\BACKUP\日常点検_20251011_002509_00007686_50.pdf
MOVE C:\DATA\日常点検_20251011_002509_00007686_51.pdf -> C:\BACKUP\日常点検_20251011_002509_00007686_51.pdf
MOVE C:\DATA\日常点検_20251011_002509_00007686_52.pdf -> C:\BACKUP\日常点検_20251011_002509_00007686_52.pdf
MOVE C:\DATA\日常点検_20251011_002509_00007686_53.pdf -> C:\BACKUP\日常点検_20251011_002509_00007686_53.pdf
MOVE C:\DATA\日常点検_20251011_002509_00007686_54.pdf -> C:\BACKUP\日常点検_20251011_002509_00007686_54.pdf
MOVE C:\DATA\日常点検_20251011_002509_00007686_55.pdf -> C:\BACKUP\日常点検_20251011_002509_00007686_55.pdf
MOVE C:\DATA\日常点検_20251011_002509_00007686_56.pdf -> C:\BACKUP\日常点検_20251011_002509_00007686_56.pdf
MOVE C:\DATA\日常点検_20251011_002509_00007686_57.pdf -> C:\BACKUP\日常点検_20251011_002509_00007686_57.pdf
MOVE C:\DATA\日常点検_20251011_002509_00007686_58.pdf -> C:\BACKUP\日常点検_20251011_002509_00007686_58.pdf
MOVE C:\DATA\日常点検_20251011_002509_00007686_59.pdf -> C:\BACKUP\日常点検_20251011_002509_00007686_59.pdf
MOVE C:\DATA\日常点検_20251011_002509_00007686_6.pdf -> C:\BACKUP\日常点検_20251011_002509_00007686_6.pdf
MOVE C:\DATA\日常点検_20251011_002509_00007686_60.pdf -> C:\BACKUP\日常点検_20251011_002509_00007686_60.pdf
MOVE C:\DATA\日常点検_20251011_002509_00007686_61.pdf -> C:\BACKUP\日常点検_20251011_002509_00007686_61.pdf
MOVE C:\DATA\日常点検_20251011_002509_00007686_62.pdf -> C:\BACKUP\日常点検_20251011_002509_00007686_62.pdf
MOVE C:\DATA\日常点検_20251011_002509_00007686_63.pdf -> C:\BACKUP\日常点検_20251011_002509_00007686_63.pdf
MOVE C:\DATA\日常点検_20251011_002509_00007686_64.pdf -> C:\BACKUP\日常点検_20251011_002509_00007686_64.pdf
MOVE C:\DATA\日常点検_20251011_002509_00007686_65.pdf -> C:\BACKUP\日常点検_20251011_002509_00007686_65.pdf
MOVE C:\DATA\日常点検_20251011_002509_00007686_66.pdf -> C:\BACKUP\日常点検_20251011_002509_00007686_66.pdf
MOVE C:\DATA\日常点検_20251011_002509_00007686_67.pdf -> C:\BACKUP\日常点検_20251011_002509_00007686_67.pdf
MOVE C:\DATA\日常点検_20251011_002509_00007686_68.pdf -> C:\BACKUP\日常点検_20251011_002509_00007686_68.pdf
MOVE C:\DATA\日常点検_20251011_002509_00007686_69.pdf -> C:\BACKUP\日常点検_20251011_002509_00007686_69.pdf
MOVE C:\DATA\日常点検_20251011_002509_00007686_7.pdf -> C:\BACKUP\日常点検_20251011_002509_00007686_7.pdf
MOVE C:\DATA\日常点検_20251011_002509_00007686_70.pdf -> C:\BACKUP\日常点検_20251011_002509_00007686_70.pdf
MOVE C:\DATA\日常点検_20251011_002509_00007686_71.pdf -> C:\BACKUP\日常点検_20251011_002509_00007686_71.pdf
MOVE C:\DATA\日常点検_20251011_002509_00007686_72.pdf -> C:\BACKUP\日常点検_20251011_002509_00007686_72.pdf
MOVE C:\DATA\日常点検_20251011_002509_00007686_73.pdf -> C:\BACKUP\日常点検_20251011_002509_00007686_73.pdf
MOVE C:\DATA\日常点検_20251011_002509_00007686_74.pdf -> C:\BACKUP\日常点検_20251011_002509_00007686_74.pdf
MOVE C:\DATA\日常点検_20251011_002509_00007686_75.pdf -> C:\BACKUP\日常点検_20251011_002509_00007686_75.pdf
MOVE C:\DATA\日常点検_20251011_002509_00007686_76.pdf -> C:\BACKUP\日常点検_20251011_002509_00007686_76.pdf
MOVE C:\DATA\日常点検_20251011_002509_00007686_77.pdf -> C:\BACKUP\日常点検_20251011_002509_00007686_77.pdf
MOVE C:\DATA\日常点検_20251011_002509_00007686_78.pdf -> C:\BACKUP\日常点検_20251011_002509_00007686_78.pdf
MOVE C:\DATA\日常点検_20251011_002509_00007686_79.pdf -> C:\BACKUP\日常点検_20251011_002509_00007686_79.pdf
MOVE C:\DATA\日常点検_20251011_002509_00007686_8.pdf -> C:\BACKUP\日常点検_20251011_002509_00007686_8.pdf
MOVE C:\DATA\日常点検_20251011_002509_00007686_80.pdf -> C:\BACKUP\日常点検_20251011_002509_00007686_80.pdf
MOVE C:\DATA\日常点検_20251011_002509_00007686_81.pdf -> C:\BACKUP\日常点検_20251011_002509_00007686_81.pdf
MOVE C:\DATA\日常点検_20251011_002509_00007686_82.pdf -> C:\BACKUP\日常点検_20251011_002509_00007686_82.pdf
MOVE C:\DATA\日常点検_20251011_002509_00007686_83.pdf -> C:\BACKUP\日常点検_20251011_002509_00007686_83.pdf
MOVE C:\DATA\日常点検_20251011_002509_00007686_84.pdf -> C:\BACKUP\日常点検_20251011_002509_00007686_84.pdf
MOVE C:\DATA\日常点検_20251011_002509_00007686_85.pdf -> C:\BACKUP\日常点検_20251011_002509_00007686_85.pdf
MOVE C:\DATA\日常点検_20251011_002509_00007686_86.pdf -> C:\BACKUP\日常点検_20251011_002509_00007686_86.pdf
MOVE C:\DATA\日常点検_20251011_002509_00007686_87.pdf -> C:\BACKUP\日常点検_20251011_002509_00007686_87.pdf
MOVE C:\DATA\日常点検_20251011_002509_00007686_88.pdf -> C:\BACKUP\日常点検_20251011_002509_00007686_88.pdf
MOVE C:\DATA\日常点検_20251011_002509_00007686_89.pdf -> C:\BACKUP\日常点検_20251011_002509_00007686_89.pdf
MOVE C:\DATA\日常点検_20251011_002509_00007686_9.pdf -> C:\BACKUP\日常点検_20251011_002509_00007686_9.pdf
MOVE C:\DATA\日常点検_20251011_002509_00007686_90.pdf -> C:\BACKUP\日常点検_20251011_002509_00007686_90.pdf
MOVE C:\DATA\日常点検_20251011_002509_00007686_91.pdf -> C:\BACKUP\日常点検_20251011_002509_00007686_91.pdf
MOVE C:\DATA\日常点検_20251011_002509_00007686_92.pdf -> C:\BACKUP\日常点検_20251011_002509_00007686_92.pdf
MOVE C:\DATA\日常点検_20251011_002509_00007686_93.pdf -> C:\BACKUP\日常点検_20251011_002509_00007686_93.pdf
MOVE C:\DATA\日常点検_20251011_002509_00007686_94.pdf -> C:\BACKUP\日常点検_20251011_002509_00007686_94.pdf
MOVE C:\DATA\日常点検_20251011_002509_00007686_95.pdf -> C:\BACKUP\日常点検_20251011_002509_00007686_95.pdf
MOVE C:\DATA\日常点検_20251011_002509_00007686_96.pdf -> C:\BACKUP\日常点検_20251011_002509_00007686_96.pdf
MOVE C:\DATA\日常点検_20251011_002509_00007686_97.pdf -> C:\BACKUP\日常点検_20251011_002509_00007686_97.pdf
MOVE C:\DATA\日常点検_20251011_002509_00007686_98.pdf -> C:\BACKUP\日常点検_20251011_002509_00007686_98.pdf
MOVE C:\DATA\日常点検_20251011_002509_00007686_99.pdf -> C:\BACKUP\日常点検_20251011_002509_00007686_99.pdf
[2026-07-07 13:16:18] バックアップ処理が完了しました。
